Name                                                        Stmts   Miss  Cover   Missing
-----------------------------------------------------------------------------------------
src/PneumoStabSim/__init__.py                                  25     25     0%   20-80
src/__init__.py                                                 9      1    89%   16
src/app/__init__.py                                             0      0   100%
src/app/backup_gui.py                                          27     27     0%   3-81
src/app/smoke_gas.py                                          169    169     0%   6-321
src/app/smoke_gas_complete.py                                 106    106     0%   6-205
src/app/smoke_gas_final.py                                     65     65     0%   5-133
src/app/smoke_gas_simple.py                                    41     41     0%   6-95
src/app/smoke_test.py                                         117    117     0%   6-224
src/app_runner.py                                             776    247    68%   52-61, 243, 247, 264, 271-280, 327-338, 362-368, 393-396, 401-406, 414-432, 438-439, 492, 516-517, 531, 534-540, 546-549, 559-566, 583-585, 613-615, 623-634, 637-647, 655, 666-679, 688, 703, 714, 724-730, 737-755, 763-805, 812-835, 841, 849-852, 858, 862, 872-899, 913-918, 936-937, 945, 948, 952-954, 960-966, 979-983, 1027, 1031, 1037-1038, 1063-1064, 1079-1087, 1101, 1130-1136, 1160-1161, 1164-1167, 1221, 1226, 1228, 1233, 1261, 1282, 1303-1304, 1325-1326, 1363, 1378, 1387, 1400-1402, 1405-1407, 1411-1412, 1415, 1433, 1450, 1454-1458, 1472-1479, 1504, 1506, 1508-1511, 1517-1521, 1525, 1529
src/bootstrap/__init__.py                                      13      0   100%
src/bootstrap/dependency_config.py                            127     35    72%   49-51, 66, 73, 83, 90-93, 100, 113-115, 119, 163, 167-168, 172-173, 177-178, 182, 188, 202, 208, 214-220, 235-236, 240, 246
src/bootstrap/environment.py                                  119     63    47%   21-23, 29-39, 46, 52, 70-117, 133, 147-160, 165, 167, 195, 205, 211, 220
src/bootstrap/environment_check.py                            117     38    68%   33, 52-72, 76, 80, 84-92, 100, 107, 129-132, 139, 147-148, 158, 184-185, 196, 202-214, 218-220, 224
src/bootstrap/environment_report.py                            17     17     0%   8-33
src/bootstrap/headless_qt.py                                   48     12    75%   31, 34, 37-38, 44, 52, 59, 78-80, 100-101
src/bootstrap/opengl_setup.py                                  34     34     0%   3-52
src/bootstrap/qt_imports.py                                    53     10    81%   55-68, 86
src/bootstrap/terminal.py                                      32     26    19%   22-65
src/bootstrap/version_check.py                                 15      9    40%   16-35
src/cli/__init__.py                                             2      0   100%
src/cli/arguments.py                                           48      8    83%   71, 77, 83-85, 112-113, 128
src/cli/backup.py                                             103    103     0%   3-204
src/common/__init__.py                                          3      0   100%
src/common/csv_export.py                                       83     67    19%   48-63, 69-77, 88-99, 118-130, 153-172, 187-219, 230-243, 256-267
src/common/errors.py                                           14      0   100%
src/common/event_logger.py                                    135     57    58%   59, 125, 139, 153, 185, 194, 208, 220, 232, 243, 254, 265-268, 307-316, 320-405, 409-418, 437-439
src/common/log_analyzer.py                                    396    396     0%   6-686
src/common/logging_setup.py                                   247    101    59%   45-66, 83-89, 120-131, 164-170, 256-257, 287-292, 328-329, 335-336, 342-343, 375-376, 379-380, 422, 437, 465-466, 485-486, 503-507, 518-519, 530-540, 554-561, 572-573, 584-588, 604-615, 631, 646-647, 654-655, 659-664
src/common/logging_slider_wrapper.py                           44     44     0%   6-165
src/common/logging_widgets.py                                  48     24    50%   45-51, 57-68, 78-84, 91-102, 111-117, 124-133
src/common/qt_compat.py                                         4      0   100%
src/common/settings_manager.py                                743    157    79%   188, 191, 195, 216-217, 235, 249-250, 252, 263-303, 340, 376, 417-418, 420, 453, 456-457, 461, 466, 470-471, 476, 487, 492, 495-496, 522, 537, 540-541, 546, 548, 559, 564-565, 568-569, 591-597, 604, 626-636, 711, 725, 757, 767-772, 777-785, 788-795, 799-803, 807, 811, 841-846, 850-856, 859-863, 872, 875, 884-887, 909, 923-939, 949, 953-957, 967, 986, 996, 1022, 1034, 1048, 1079-1084, 1096-1097, 1108, 1132-1133, 1159, 1164-1165, 1180, 1188, 1196, 1204, 1226-1229, 1269, 1280-1283, 1295, 1325
src/common/settings_requirements.py                            20     11    45%   56-71
src/common/signal_trace.py                                    155     67    57%   57, 61, 81, 89, 99, 110-111, 128, 156-171, 184-185, 197-232, 235-241, 244, 247-248, 258-259, 270-271, 278, 285, 292-298, 301-307, 310-314, 319-330, 335-336, 359
src/common/ui_dialogs.py                                      104     64    38%   45-72, 90-91, 94, 112, 123-127, 139-140, 145-146, 157-163, 169-175, 181-187, 200-223
src/common/units.py                                            13      0   100%
src/core/__init__.py                                           14      4    71%   88-89, 91-92
src/core/container.py                                          65      9    86%   77, 89, 94, 105, 133-136, 141
src/core/geometry.py                                          179     96    46%   34, 42-43, 59, 62-63, 66-67, 70-71, 76, 79-80, 83, 86-89, 92, 104, 108, 112-113, 117, 129, 133-135, 139-141, 153, 203-204, 208, 212, 216, 229, 234, 239-240, 245-246, 251-254, 259, 277-298, 307-321, 338-378, 386-387, 392-393
src/core/history/__init__.py                                    2      0   100%
src/core/history/stack.py                                      41      5    88%   31, 43, 46, 53, 62
src/core/initial_geometry.py                                   90     90     0%   6-242
src/core/interfaces.py                                         25      0   100%
src/core/settings_defaults.py                                  91     63    31%   50, 60-61, 73-79, 83-113, 124-173
src/core/settings_manager.py                                  307    157    49%   138, 156, 159-160, 166, 170-171, 198, 214, 224, 229-233, 237-242, 246-251, 261-275, 282, 289-293, 297-305, 309-313, 329, 374-520, 535, 541-659, 680, 686-707, 727-735
src/core/settings_models.py                                   616      8    99%   566, 770, 789-790, 805-808
src/core/settings_orchestrator.py                              54      3    94%   43, 66, 74
src/core/settings_service.py                                  846    146    83%   78, 159, 181, 218, 223, 225-226, 276-277, 292-296, 310-311, 323-324, 360-361, 370-371, 385-386, 402-406, 427, 434-435, 447-461, 468-469, 477-478, 484-485, 496, 511, 513, 529-530, 533, 537, 546, 580-582, 623, 645, 651, 658, 697, 700-701, 706, 708, 712-713, 716-717, 723-724, 729-736, 741, 745, 751, 781-785, 808, 824, 843-844, 868, 889-890, 907-911, 927, 931, 936, 951, 961, 972, 982, 1032-1034, 1049-1050, 1072-1073, 1091-1092, 1100-1101, 1132-1135, 1168, 1174, 1217, 1223, 1233-1234, 1238-1240, 1281-1285, 1294-1295, 1310, 1341-1342, 1352, 1366-1367, 1381, 1392, 1399, 1422, 1459, 1465-1466, 1487-1488
src/core/settings_sync_controller.py                          108     11    90%   50, 79, 165, 177, 187, 190, 193, 207-210
src/core/settings_validation.py                               141     17    88%   76-78, 94-95, 100, 106, 119, 126, 152, 164, 176, 183-184, 190, 222-223, 229
src/diagnostics/__init__.py                                     6      0   100%
src/diagnostics/logger_factory.py                             202    103    49%   129-130, 134-136, 140-151, 157-170, 174-176, 179-197, 201-203, 206, 209, 212, 215, 219-237, 240, 243, 252, 305-316, 327-331, 344-347, 354, 369-377, 389-390, 395-397, 439-440, 450, 501-509
src/diagnostics/logging_presets.py                             40      2    95%   55-56
src/diagnostics/logs.py                                       143    134     6%   26-94, 99-132, 137-155, 160-195, 200-243
src/diagnostics/path_diagnostics.py                            29     29     0%   11-73
src/diagnostics/profiler.py                                   110     24    78%   39, 53, 64, 80-81, 93, 135, 149, 155, 160, 183, 205-230
src/diagnostics/signal_tracing.py                             138     26    81%   91-92, 106-107, 128, 138, 176, 179-180, 184-185, 198-202, 213, 237-238, 248-254
src/diagnostics/warnings.py                                    31      6    81%   21, 26, 41-43, 59
src/graphics/__init__.py                                        2      0   100%
src/graphics/materials/__init__.py                              3      0   100%
src/graphics/materials/baseline.py                            297    101    66%   57-105, 123-136, 144, 152-153, 196-199, 205-262, 267, 270, 272, 274, 306, 362, 367-369, 438, 441, 443, 448, 452, 472-473, 514, 517, 519, 525, 529, 558, 562, 568, 572, 576
src/graphics/materials/cache.py                                31      5    84%   42, 50, 56, 68-69
src/infrastructure/__init__.py                                  4      0   100%
src/infrastructure/container.py                               108      6    94%   96, 158-159, 241-244
src/infrastructure/event_bus.py                                45      7    84%   53, 56-57, 73-74, 93-94
src/infrastructure/logging/__init__.py                         21     12    43%   33-44, 54-58
src/infrastructure/logging/error_hooks.py                      25      2    92%   36, 39
src/mechanics/__init__.py                                       5      0   100%
src/mechanics/components.py                                   159     81    49%   30, 35, 40, 54-56, 61-64, 69-70, 75-80, 89-98, 112-113, 118-119, 132-135, 151, 156-157, 160-161, 166-167, 172-175, 189-190, 195-200, 203, 217-220, 223-227, 230, 243-245, 248-252, 265-268, 271-277, 280
src/mechanics/constraints.py                                   77     39    49%   62, 82-83, 103-118, 134, 138, 160-164, 180-221, 228, 246-254, 272-273, 289
src/mechanics/geometry.py                                       5      0   100%
src/mechanics/kinematics.py                                   100     64    36%   92-95, 110-145, 166-177, 212-225, 243-275, 305-307, 321-337, 371-407
src/mechanics/linkage_geometry.py                              83      4    95%   30, 57, 98, 131
src/mechanics/suspension.py                                     3      3     0%   5-19
src/physics/__init__.py                                         5      0   100%
src/physics/__init_new.py                                       0      0   100%
src/physics/forces.py                                         173     13    92%   54, 62, 83, 91, 104, 308, 391, 395, 460, 466, 484-493
src/physics/integrator.py                                     298     51    83%   31, 34, 41, 49, 52, 58, 61, 69, 72, 78, 90, 95, 110, 115, 122-123, 130, 137, 146, 247, 249, 253-254, 256-259, 296, 325-327, 355-361, 374, 474-476, 526-529, 557, 567, 572, 589, 597-598, 611, 654, 661
src/physics/odes.py                                           330     66    80%   33, 37, 46, 50, 55, 67, 73, 79, 128, 130, 134, 137, 162, 166, 170, 251, 257, 263, 278, 280, 282, 288-293, 299-301, 305-307, 324-325, 373-381, 396-399, 406, 412-413, 417-418, 426-427, 431-432, 470-471, 501-502, 638, 644, 648, 654, 661, 664, 667, 690
src/physics/pneumo_system.py                                  157     20    87%   38, 53, 57, 62-63, 70-71, 128, 132, 135, 138, 141, 164, 191-193, 196-202, 225, 232
src/pneumo/__init__.py                                          0      0   100%
src/pneumo/cylinder.py                                         98     16    84%   24, 31, 64, 130-133, 156-177, 192, 203, 207
src/pneumo/enums.py                                            28      0   100%
src/pneumo/flow.py                                             62     11    82%   21, 23, 38, 55, 81, 106, 141, 156, 190, 194, 228
src/pneumo/gas_state.py                                       228     78    66%   30, 32, 34, 36, 38, 42, 64, 66, 68, 70, 72, 88, 92, 97-100, 107-109, 113-116, 147-149, 155, 157, 159, 161, 163, 183, 199-209, 216-230, 236, 238, 240, 249, 251, 253, 255, 264, 276-283, 295, 303-304, 307, 330, 335, 339, 345, 358, 360, 362, 385, 387, 389
src/pneumo/geometry.py                                        269     59    78%   26-27, 33-49, 85, 91, 97, 103, 109, 115, 121, 127, 133, 139, 145, 151, 157, 163, 169, 175, 180, 185, 191, 198-200, 216, 244-245, 331, 348, 374-375, 379, 383, 441, 447, 451, 458, 464, 474, 510-513, 522-524, 552, 557, 562, 567
src/pneumo/line.py                                             79     12    85%   35, 42, 47, 51, 57, 60, 119, 138-140, 153, 157
src/pneumo/network.py                                         329     59    82%   108, 119, 127, 130, 155, 162, 183, 231, 264, 285, 290, 296, 300, 305, 314, 319, 324, 334, 368, 373, 398, 432, 440, 444, 448, 465, 491, 494, 517, 557, 575, 587, 614, 627-669
src/pneumo/receiver.py                                        116     32    72%   32, 34, 45-46, 50, 52, 79, 85-89, 94, 98, 100, 109, 117, 122, 140, 168-178, 214, 216-221, 243-244, 248, 250
src/pneumo/sim_time.py                                         62     34    45%   32, 44, 99-176
src/pneumo/system.py                                           99     25    75%   33, 41, 66, 72, 79-81, 89-99, 109, 140-142, 148-151, 161-164, 173, 180
src/pneumo/thermo.py                                           84     41    51%   32, 46, 68, 70, 85-90, 105-114, 128, 130, 145-150, 156-163, 178-187
src/pneumo/types.py                                            22      3    86%   42, 50, 54
src/pneumo/valves.py                                          208     46    78%   55, 60-61, 65, 97-98, 105-123, 140, 149, 152, 174, 179, 203-204, 247-249, 252, 254, 295, 306, 319, 322, 338, 368, 375, 393, 396, 400-404, 407, 409
src/pneumostabsim_typing/__init__.py                           24      1    96%   20
src/road/__init__.py                                            7      0   100%
src/road/csv_io.py                                            175    162     7%   27-116, 142-299, 313-365, 373-388, 407-438
src/road/engine.py                                            171    150    12%   33-46, 55-77, 85-98, 110-137, 151-171, 175-302, 310-335, 347-363, 373-380, 394-426, 440-456
src/road/generators.py                                        123    111    10%   34-44, 72-87, 111-124, 148-168, 194-224, 248-357, 380-416
src/road/scenarios.py                                          87     16    82%   157, 214, 310, 319-333
src/road/types.py                                             101     32    68%   47, 49, 84, 86, 88, 119-168, 197-202
src/runtime/__init__.py                                         4      0   100%
src/runtime/sim_loop.py                                       855    479    44%   187, 192, 195-200, 206-213, 219-222, 233-251, 267, 269, 275, 279, 284, 295, 307, 318-319, 326, 335, 343, 345, 352, 354, 357, 367, 374-377, 382, 385-388, 394-397, 420, 436-442, 461-483, 489-697, 702-723, 738-750, 757-758, 769-802, 816-818, 823-833, 838-841, 846-856, 861-862, 875-876, 890-896, 935, 949-952, 954-962, 976, 997-998, 1006-1030, 1109-1124, 1132, 1146-1162, 1180-1296, 1300-1311, 1315-1385, 1401, 1405-1427, 1430, 1524-1534, 1538-1611, 1615-1625, 1636-1658, 1666, 1670, 1675, 1681-1682, 1687-1706, 1729, 1734
src/runtime/state.py                                          230     91    60%   203-211, 219-225, 233-237, 245-375, 421-455
src/runtime/steps/__init__.py                                   5      0   100%
src/runtime/steps/context.py                                   46      0   100%
src/runtime/steps/dynamics.py                                  18      4    78%   14, 32-34
src/runtime/steps/gas.py                                       54      7    87%   22, 28, 47, 71-72, 77-78
src/runtime/steps/kinematics.py                               174     22    87%   45-55, 191, 195-196, 238-242, 244-248, 272, 278
src/runtime/sync.py                                           200     42    79%   53-54, 60-63, 100-103, 144-154, 158-160, 164-166, 170, 181, 185, 278, 286, 363-365, 369-371, 375-376, 380-383, 387, 393
src/security/__init__.py                                        2      0   100%
src/security/access_control.py                                174     41    76%   51, 56-57, 63, 68-72, 81, 101-116, 153-155, 169, 179, 181-184, 189, 286-287, 290-291, 327, 330
src/services/__init__.py                                        3      0   100%
src/services/backup_service.py                                231     51    78%   104, 108, 124, 129-132, 146-148, 179, 181, 190, 193, 197-202, 268-271, 277-278, 281-282, 311-315, 335-349, 362, 379-380, 391, 394-400, 404, 447, 453, 459
src/services/feedback_service.py                              135     12    91%   70, 127-128, 156-157, 180, 187, 190-191, 212-214
src/settings/__init__.py                                        3      0   100%
src/settings/orbit_presets.py                                  18      1    94%   24
src/simulation/__init__.py                                      4      0   100%
src/simulation/presets/__init__.py                              5      0   100%
src/simulation/presets/library.py                             115     16    86%   22, 25-28, 94, 110, 114, 119, 137, 148-149, 183, 205, 220, 224
src/simulation/presets/metadata.py                             21      1    95%   41
src/simulation/presets/scenarios.py                            11      0   100%
src/simulation/service.py                                      69      4    94%   78, 86, 128-129
src/telemetry/__init__.py                                       3      0   100%
src/telemetry/schema.py                                        45     26    42%   52-61, 78-100
src/telemetry/tracker.py                                       75      8    89%   72-73, 148, 157, 169-170, 181-182
src/tools/__init__.py                                           2      0   100%
src/tools/reporting/__init__.py                                 2      0   100%
src/tools/reporting/physics.py                                 76     57    25%   24, 29, 46-117, 149-209
src/tools/settings_audit.py                                   140     19    86%   47, 95-97, 100-108, 140-156, 194, 213, 215, 228, 253, 257, 279, 285, 348, 354
src/tools/settings_migrate.py                                 209     51    76%   67, 70, 81-84, 86-89, 92, 100, 106, 115, 118, 127, 136-146, 150-158, 167-171, 199, 221, 223, 235, 245, 248, 276, 357, 360, 368
src/tools/validate_shaders.py                                 404    140    65%   102, 150, 165, 184-185, 211-213, 225, 228-229, 248-252, 264-303, 316, 336, 350, 354, 357, 365, 375, 381-389, 402, 420, 424, 429-445, 455, 461, 470, 477-484, 493-496, 524-531, 545, 548, 551, 554-555, 562-580, 608-611, 640, 652, 658, 669-670, 692, 701-702, 711-712, 721, 750-751, 757-786, 790-816, 820
src/ui/__init__.py                                             10      7    30%   39-47
src/ui/_lazy_module_utils.py                                   62     14    77%   58, 79, 88, 91, 96, 114, 117, 136, 152-157
src/ui/accordion.py                                            97     97     0%   6-249
src/ui/bridge/__init__.py                                       4      0   100%
src/ui/bridge/telemetry_bridge.py                             173     26    85%   30-39, 195, 220, 224, 228, 232, 236, 246, 251, 259, 268, 274, 300-301, 304-305, 310, 323, 337, 352, 355, 357-358
src/ui/bridge/training_bridge.py                               95      8    92%   20, 129, 134, 138-139, 141-142, 148
src/ui/camera/__init__.py                                       4      0   100%
src/ui/camera/camera_widget.py                                 37     11    70%   31, 37-46, 51, 64
src/ui/camera/orbit_controller.py                              96     18    81%   44, 59, 64, 68, 73, 99, 108, 113-114, 130-135, 140, 144, 150
src/ui/charts.py                                              203    184     9%   18-52, 56-65, 70-119, 124-169, 174-219, 228-246, 251-270, 274-291, 296-319, 324-340, 345-368, 373-395
src/ui/correct_geometry.py                                     37     27    27%   23-27, 31-93
src/ui/custom_geometry.py                                     255     88    65%   23-30, 34-35, 39-40, 44-45, 49-133, 154, 165, 184, 195, 380-382, 386-387, 391-710
src/ui/direct_geometry.py                                      26     16    38%   22-26, 30-78
src/ui/environment_schema.py                                  277     41    85%   56-61, 72, 81, 89, 96, 112, 380, 383, 391, 394, 398, 408, 414, 418, 426-428, 434, 439, 443, 451, 464, 485, 499, 522, 558, 569, 592, 598, 604, 631, 661-663, 668, 672
src/ui/example_geometry.py                                     33     18    45%   23-27, 31-98, 108-109, 113
src/ui/feedback/__init__.py                                     4      0   100%
src/ui/feedback/controller.py                                  32     18    44%   27-28, 44-78
src/ui/feedback/panel.py                                       30     18    40%   27-53
src/ui/geo_state.py                                           136    136     0%   5-300
src/ui/geometry_bridge.py                                     251    149    41%   53-54, 58-59, 63-67, 74-75, 116, 119-120, 132-141, 147, 151-156, 160, 164-167, 171, 175-178, 182, 186-188, 192, 196-198, 202, 206-208, 212, 229-323, 330-339, 351, 354-372, 388-410, 413-430, 456-459, 462-471, 474-477
src/ui/geometry_schema.py                                      40      5    88%   59, 68-69, 84, 90
src/ui/hud/__init__.py                                        352    283    20%   67, 91-93, 96-99, 105, 191-211, 221-254, 270-281, 294-298, 307-342, 347-401, 412-424, 428-517, 533-551, 566-590, 603-653, 658-660, 665-667, 676-690, 703-704, 712-716, 730-736, 747-787, 799-819
src/ui/hud/diagnostics_overlay.py                              48      3    94%   57, 72, 76
src/ui/hud/diagnostics_service.py                              40      3    92%   27, 48, 56
src/ui/ibl_logger.py                                           59     45    24%   23-35, 39-49, 59-64, 75-83, 87-94, 104-106, 118-119
src/ui/main_window/__init__.py                                 14     14     0%   12-66
src/ui/main_window/qml_bridge.py                                3      0   100%
src/ui/main_window_backup.py                                  700    700     0%   6-1347
src/ui/main_window_legacy.py                                  576    495    14%   75-161, 165-194, 198-311, 314-370, 373-379, 382-395, 398-412, 416-445, 448-468, 472-474, 478-483, 486-519, 524-527, 531-541, 544-558, 562, 574-575, 577-578, 583-602, 606-611, 616-619, 623-626, 630-633, 637-640, 644-647, 651-654, 658-668, 672-675, 681-714, 718-731, 735-737, 742-748, 751-777, 781-796, 800-831, 834-877, 880-886, 895-898, 902-908, 912-915
src/ui/main_window_pkg/__init__.py                             55     35    36%   53, 61-75, 81-89, 95-116, 127-137
src/ui/main_window_pkg/_hdr_paths.py                           87     21    76%   26-27, 51-52, 80, 85-94, 125, 127-137, 140, 163-164
src/ui/main_window_pkg/main_window_refactored.py              619    346    44%   43-44, 122-308, 321-341, 347-366, 374-391, 398-401, 413-421, 431-481, 487-495, 499-511, 517-528, 534, 541, 545, 560-561, 607-612, 619, 625-627, 634-635, 637-638, 651-669, 688, 701-709, 719, 726, 740-746, 753, 761-766, 792, 794, 812, 875, 881, 887, 893, 899, 905, 911, 925-926, 942, 947, 952, 957, 962, 967, 972, 977, 982, 987, 992, 997, 1002, 1007, 1012, 1017, 1022, 1026-1029, 1034, 1038-1044, 1050-1083, 1088, 1093, 1100, 1107, 1114-1132
src/ui/main_window_pkg/menu_actions.py                         68     50    26%   18, 47, 59-61, 77-91, 107-168
src/ui/main_window_pkg/profile_service.py                      50     26    48%   19-20, 23-25, 28-29, 37-48, 54, 60, 64-65, 69-70, 74-75
src/ui/main_window_pkg/qml_bridge.py                            3      0   100%
src/ui/main_window_pkg/signals_router.py                     1279    521    59%   64, 77-78, 181, 231, 255, 259, 264-265, 358, 360, 398, 408, 444, 463, 467, 487, 493, 496-497, 499, 506, 509-510, 512, 661, 674, 678, 685-710, 714-769, 784-795, 807-811, 821-868, 876-888, 902-903, 912-922, 936, 953, 960, 970, 981, 993, 1040, 1055, 1076, 1080, 1091-1092, 1095-1096, 1110, 1119, 1138, 1167, 1176-1185, 1190, 1205-1206, 1224-1392, 1398-1443, 1451-1502, 1511, 1515, 1533, 1557-1558, 1579-1580, 1590-1591, 1605, 1612-1613, 1647-1648, 1659, 1670, 1673-1674, 1679, 1688-1689, 1698, 1704, 1707-1708, 1713, 1725, 1738-1791, 1807-1808, 1820-1821, 1837-1881, 1887-1896, 1905-1906, 1914-1923, 1934, 1941-1943, 1975, 1991-1994, 2025-2071, 2075-2095, 2102-2111, 2115-2124, 2128-2129, 2136-2137, 2141-2142, 2146-2149, 2153-2162, 2167, 2178
src/ui/main_window_pkg/state_sync.py                          136     95    30%   17, 50-80, 96-178, 202, 210-214, 217-218, 229, 240-241, 257-266
src/ui/main_window_pkg/ui_setup.py                            735    452    39%   42, 107, 109, 114-115, 126-132, 148-157, 171-178, 183-184, 191-200, 208-211, 213-214, 220-223, 226-227, 234-237, 239-240, 262-270, 275-280, 284, 288, 290, 297, 320, 322, 331, 334, 343, 358-359, 374-378, 381-385, 394-399, 407-408, 477-480, 483-484, 502, 522, 555, 564, 567-571, 609, 617, 687-710, 718, 739-776, 785-833, 844-1142, 1147-1163, 1167-1174, 1180-1219, 1237-1322, 1338-1354, 1372-1390, 1408-1427
src/ui/main_window_pkg/validation.py                           60      5    92%   46, 60, 76, 80, 89
src/ui/panels/__init__.py                                      23      0   100%
src/ui/panels/geometry/__init__.py                             45     19    58%   26, 35-44, 51, 54-59, 65-77, 92
src/ui/panels/geometry/cylinder_tab.py                        137     10    93%   304-311, 331, 348
src/ui/panels/geometry/defaults.py                             51     18    65%   34-43, 54-67, 276, 288-289
src/ui/panels/geometry/frame_tab.py                            56      2    96%   159-160
src/ui/panels/geometry/options_tab.py                         110     37    66%   125-131, 135-138, 143-155, 159-162, 165-174, 179-190, 195-196, 199
src/ui/panels/geometry/panel_geometry_refactored.py           255     88    65%   53-59, 215, 225-227, 253, 267-284, 300-306, 314-325, 334, 346, 349, 365-370, 409-453, 463-476, 510-519, 529, 576-577
src/ui/panels/geometry/state_manager.py                       289     90    69%   104, 115, 119, 153-154, 201-203, 215-225, 233-239, 247-262, 270-291, 299-318, 377, 428, 465-466, 483-484, 503-504, 507-515, 544, 558-567, 574-575, 577-592, 595-608
src/ui/panels/geometry/suspension_tab.py                       67      5    93%   138-139, 162-164
src/ui/panels/graphics/__init__.py                             37     22    41%   62-78, 85, 87-90, 97-100
src/ui/panels/graphics/animation_tab.py                       184      3    98%   270, 285, 361
src/ui/panels/graphics/camera_tab.py                          296     30    90%   340-393, 398, 401, 451, 457-458, 466, 469, 512-514
src/ui/panels/graphics/effects_tab.py                         252     12    95%   433, 442, 461, 477-478, 483, 504-505, 517-520
src/ui/panels/graphics/environment_tab.py                     555     57    90%   104-106, 123-126, 136-137, 139, 146-148, 152-153, 159, 173-175, 202, 236, 240, 264, 266, 270-277, 281-282, 730, 736, 741-743, 749, 758, 834, 846-847, 940-941, 946-947, 955, 962, 969-970, 1011-1012, 1016-1019, 1025, 1041-1042
src/ui/panels/graphics/file_cycler_policy.py                   18     18     0%   13-44
src/ui/panels/graphics/hdr_discovery.py                        38      5    87%   19-20, 36-37, 57
src/ui/panels/graphics/lighting_tab.py                        478     17    96%   46, 73, 784, 787, 794-796, 810, 815, 859-863, 888, 907-908, 919
src/ui/panels/graphics/materials_tab.py                       352     49    86%   110-114, 310-311, 337-348, 353, 356, 367, 385, 392-393, 435-436, 440-443, 452, 458, 465, 469, 546, 562-563, 578-579, 584, 587, 594, 605-612
src/ui/panels/graphics/panel_graphics.py                      398     59    85%   140, 145-147, 246-247, 253-254, 311-325, 341-343, 346-348, 351, 363, 431-445, 452, 456, 458-460, 467, 498-500, 517-518, 539-540, 552-553, 590-591, 604-606, 624, 629, 667-668, 678-681
src/ui/panels/graphics/panel_graphics_refactored.py             3      0   100%
src/ui/panels/graphics/panel_graphics_settings_manager.py     264     61    77%   147-148, 157, 161, 171, 175, 177, 189, 191, 224, 238-239, 245, 254-267, 287, 290-305, 324, 326, 340, 345, 353-354, 359, 392, 427-429, 434, 442, 445-456, 545, 612-617
src/ui/panels/graphics/quality_tab.py                         333     21    94%   474, 477-478, 487, 509-516, 538, 550, 619-620, 640-643, 645, 728-729, 734, 738
src/ui/panels/graphics/scene_tab.py                           110      4    96%   143-145, 182
src/ui/panels/graphics/state_manager.py                        81     34    58%   41, 49, 60-61, 72-74, 77, 80-83, 90-104, 117-123, 127-132, 139
src/ui/panels/graphics/tabs/__init__.py                         0      0   100%
src/ui/panels/graphics/texture_discovery.py                    37     20    46%   15-18, 22-32, 46, 50-54
src/ui/panels/graphics/widgets.py                             550    164    70%   43, 54, 97-107, 111-116, 120-123, 196, 199, 233, 237, 264-270, 355, 362-363, 386-387, 389, 408-409, 423, 426-427, 462, 495-496, 499, 502, 505-506, 532, 539-540, 544-550, 603-624, 630-631, 636-648, 660-681, 702, 713-714, 718-724, 727-728, 748, 752, 765-766, 774, 780, 792-797, 801-802, 811-812, 830-841, 844-845, 848-850, 854-863, 867-875
src/ui/panels/graphics_logger.py                              176    127    28%   97-134, 153-170, 174-178, 182, 186, 195-232, 254-277, 292-320, 325-342, 359-384, 389-418, 436-438
src/ui/panels/lighting/__init__.py                              3      0   100%
src/ui/panels/lighting/baseline.py                              3      0   100%
src/ui/panels/lighting/settings.py                            115     68    41%   37, 39, 44-45, 50, 56, 71, 77-88, 95-104, 108, 113-128, 138-146, 150-152, 155-159, 162-175, 178-179, 182-183, 197-198, 202-204, 208-209
src/ui/panels/modes/__init__.py                                25     18    28%   15-39
src/ui/panels/modes/control_tab.py                            103     90    13%   27-30, 34-55, 59-106, 110-134, 138-158, 162-165, 169-175
src/ui/panels/modes/defaults.py                                19      6    68%   245, 250-253, 258
src/ui/panels/modes/panel_modes_refactored.py                  85     57    33%   33-47, 51-71, 76-90, 98-107, 111-112, 116-119, 123-124, 129, 133-134, 138-140, 148, 152, 157-159, 163, 167-172
src/ui/panels/modes/physics_tab.py                            178    165     7%   29-32, 36-65, 69-214, 218-224, 228-289, 293-304, 307-312
src/ui/panels/modes/road_excitation_tab.py                    315    277    12%   63-73, 77-130, 134-144, 148, 153-169, 174-185, 197-201, 205-233, 238-253, 257-309, 313-374, 380-392, 395-464, 467-476, 479-482, 486-498, 501-502, 505-506, 509-515, 518-523, 527-605
src/ui/panels/modes/simulation_tab.py                         188    166    12%   33-36, 40-68, 72-100, 104-140, 144-180, 185-210, 214-227, 231-233, 237-252, 256-271, 276-279, 284-287, 291-324, 328-335
src/ui/panels/modes/state_manager.py                          153    128    16%   25-30, 39-50, 55-65, 71, 75, 84-85, 89-101, 105-133, 141, 145-148, 156-198, 202, 211-223, 231-262, 266-269, 273, 281-286, 291-293, 298, 303
src/ui/panels/panel_geometry.py                               582    230    60%   68-74, 128, 151, 495-503, 508-534, 537-544, 548-567, 572-583, 587-598, 602-608, 634-635, 662, 664-665, 673, 706-722, 725-726, 775, 794-817, 823, 828, 841-890, 902, 904-947, 971, 977-978, 980-986, 988-994, 1002, 1004, 1007-1011, 1014-1024, 1031-1032, 1041, 1043, 1046-1090, 1099-1100, 1107-1108, 1115-1116
src/ui/panels/panel_graphics.py                                 3      0   100%
src/ui/panels/panel_modes.py                                  376     47    88%   119, 123-134, 138-145, 460, 569-575, 582-586, 590-594, 639-642, 646-649
src/ui/panels/panel_pneumo.py                                   3      0   100%
src/ui/panels/panel_pneumo_legacy.py                          344    109    68%   116-120, 124-125, 188-189, 274, 455-463, 467-472, 476-479, 483-490, 494-509, 512-521, 525-581, 585-588, 593, 604-654
src/ui/panels/panel_road.py                                   221     67    70%   283-305, 312-330, 341-349, 357-371, 376-398, 408-424, 434-443, 449-465, 472, 480
src/ui/panels/pneumo/__init__.py                               44     17    61%   26, 35-44, 51, 54-59, 65-75
src/ui/panels/pneumo/defaults.py                               30      0   100%
src/ui/panels/pneumo/panel_pneumo_refactored.py               268     50    81%   166-169, 175-181, 203-207, 214-220, 228-236, 249, 257, 262, 267, 273, 289, 305-306, 310-311, 314-317, 333-334, 367, 427, 430, 446-451
src/ui/panels/pneumo/pressures_tab.py                         146      9    94%   196-201, 219-221, 227
src/ui/panels/pneumo/receiver_tab.py                          151     16    89%   132-134, 182, 206-218
src/ui/panels/pneumo/state_manager.py                         541     89    84%   108, 130-131, 137-138, 147-148, 153-154, 166-168, 177-178, 235, 268, 289-294, 366-367, 383, 484-495, 507-508, 523-525, 545, 667-670, 689, 697-700, 704, 707-708, 795, 803-811, 819, 821, 827, 829, 831, 833, 838, 841, 843, 845, 847, 853, 856-858, 861-863, 870-871, 881-882, 891-892, 898-899, 905-906, 921-922, 928-929, 935-936, 942-943, 957-959
src/ui/panels/pneumo/thermo_tab.py                             82     14    83%   122-132, 135-136, 142-143
src/ui/panels/pneumo/valves_tab.py                             85     10    88%   174-175, 178-179, 182-183, 188-189, 194-195
src/ui/panels/preset_manager.py                                82     28    66%   45, 48-49, 56, 59, 64, 81, 86-100, 105, 122-133, 136
src/ui/panels/stabilizer_panel.py                              48      0   100%
src/ui/panels/tonemapping_panel.py                            190     50    74%   103, 124, 140, 149, 156-164, 168, 178-179, 184, 189, 192-201, 205, 211-229, 234, 237-244, 250-251, 258-259, 267
src/ui/panels_accordion.py                                    583    583     0%   3-1570
src/ui/parameter_slider.py                                    174    174     0%   6-377
src/ui/qml_bridge.py                                          446    100    78%   97, 116, 167-168, 212, 222-225, 230, 290, 296-303, 313, 316-322, 331-332, 335-336, 348, 361, 364, 370-371, 408, 425, 466, 496, 704, 710, 723, 732, 760, 788-801, 819-820, 841, 848, 857, 865-869, 873, 889, 893-898, 905-938, 958, 964, 966, 971, 982, 989-993, 1010-1015, 1047-1052
src/ui/qml_host.py                                            171    171     0%   14-347
src/ui/qml_registration.py                                     71     27    62%   48, 62, 72, 100-116, 124-143
src/ui/scene_bridge.py                                        142     37    74%   52, 78-84, 95, 103, 111, 119, 127, 131, 135, 139, 149, 175, 181-183, 210-214, 217-226, 243-244, 248-249
src/ui/services/__init__.py                                     2      0   100%
src/ui/services/visualization_service.py                      248     46    81%   80-81, 99-105, 120-123, 134, 151, 160, 167, 176, 233-234, 246-247, 255, 265-272, 287, 292, 336, 339, 348-355, 373-374, 378-380, 394-396, 401
src/ui/simple_geometry.py                                      49     39    20%   22-24, 28-98
src/ui/stable_geometry.py                                      47     28    40%   25-30, 34-37, 41-113, 125-127, 131-132
src/ui/startup.py                                              65      0   100%
src/ui/triangle_geometry.py                                    25     15    40%   22-23, 29-94
src/ui/widgets/__init__.py                                      3      0   100%
src/ui/widgets/knob.py                                        236     29    88%   317, 322, 327-329, 334-336, 346, 358-366, 371-379, 436, 462-463, 473, 477, 504-506, 518
src/ui/widgets/range_slider.py                                601     53    91%   159-160, 170, 177-180, 184-185, 187, 198, 200, 210, 219-220, 225, 228-229, 625, 729, 733, 755, 759, 763, 771, 820-821, 849, 863-865, 877, 894, 898, 907, 984, 994-995, 1000, 1010-1011, 1013-1014, 1016-1017, 1019-1020, 1022-1023, 1028-1031, 1046
-----------------------------------------------------------------------------------------
TOTAL                                                       34213  13468    61%
