<?xml version="1.0" encoding="utf-8"?><testsuites name="pytest tests"><testsuite name="pytest" errors="36" failures="0" skipped="0" tests="36" time="5.920" timestamp="2025-11-14T15:23:33.986234+03:00" hostname="CADPC-01"><testcase classname="" name="tests.unit.app.test_app_runner" time="0.000"><error message="collection failure">..\..\..\..\AppData\Local\Programs\Python\Python313\Lib\site-packages\_pytest\python.py:498: in importtestmodule
    mod = import_path(
..\..\..\..\AppData\Local\Programs\Python\Python313\Lib\site-packages\_pytest\pathlib.py:587: in import_path
    importlib.import_module(module_name)
..\..\..\..\AppData\Local\Programs\Python\Python313\Lib\importlib\__init__.py:88: in import_module
    return _bootstrap._gcd_import(name[level:], package, level)
           ^^^^^^^^^^^^^^^^^^^^^^^^^^^^^^^^^^^^^^^^^^^^^^^^^^^^
&lt;frozen importlib._bootstrap&gt;:1387: in _gcd_import
    ???
&lt;frozen importlib._bootstrap&gt;:1360: in _find_and_load
    ???
&lt;frozen importlib._bootstrap&gt;:1331: in _find_and_load_unlocked
    ???
&lt;frozen importlib._bootstrap&gt;:935: in _load_unlocked
    ???
..\..\..\..\AppData\Local\Programs\Python\Python313\Lib\site-packages\_pytest\assertion\rewrite.py:186: in exec_module
    exec(co, module.__dict__)
tests\unit\app\test_app_runner.py:12: in &lt;module&gt;
    from src.app_runner import ApplicationRunner
src\app_runner.py:26: in &lt;module&gt;
    from src.diagnostics.logger_factory import LoggerProtocol, get_logger
src\diagnostics\__init__.py:16: in &lt;module&gt;
    from .profiler import (
src\diagnostics\profiler.py:12: in &lt;module&gt;
    from src.common.settings_manager import SettingsManager, get_settings_manager
src\common\settings_manager.py:37: in &lt;module&gt;
    from src.core.settings_manager import (
src\core\settings_manager.py:36: in &lt;module&gt;
    from config.constants import get_pneumo_master_isolation_default
config\constants.py:9: in &lt;module&gt;
    from src.core.settings_service import SETTINGS_SERVICE_TOKEN, SettingsService
E     File "C:\Users\CADuser\source\repos\barmaleii77-hub\PneumoStabSim-Professional\src\core\settings_service.py", line 1222
E       ) -&gt; Mapping[str, Any]:
E       ^
E   SyntaxError: unmatched ')'</error></testcase><testcase classname="" name="tests.unit.core.test_service_container" time="0.000"><error message="collection failure">..\..\..\..\AppData\Local\Programs\Python\Python313\Lib\site-packages\_pytest\python.py:498: in importtestmodule
    mod = import_path(
..\..\..\..\AppData\Local\Programs\Python\Python313\Lib\site-packages\_pytest\pathlib.py:587: in import_path
    importlib.import_module(module_name)
..\..\..\..\AppData\Local\Programs\Python\Python313\Lib\importlib\__init__.py:88: in import_module
    return _bootstrap._gcd_import(name[level:], package, level)
           ^^^^^^^^^^^^^^^^^^^^^^^^^^^^^^^^^^^^^^^^^^^^^^^^^^^^
&lt;frozen importlib._bootstrap&gt;:1387: in _gcd_import
    ???
&lt;frozen importlib._bootstrap&gt;:1360: in _find_and_load
    ???
&lt;frozen importlib._bootstrap&gt;:1331: in _find_and_load_unlocked
    ???
&lt;frozen importlib._bootstrap&gt;:935: in _load_unlocked
    ???
..\..\..\..\AppData\Local\Programs\Python\Python313\Lib\site-packages\_pytest\assertion\rewrite.py:186: in exec_module
    exec(co, module.__dict__)
tests\unit\core\test_service_container.py:9: in &lt;module&gt;
    from src.core.container import (
src\core\container.py:30: in &lt;module&gt;
    from src.common.settings_manager import ProfileSettingsManager, SettingsManager
src\common\settings_manager.py:37: in &lt;module&gt;
    from src.core.settings_manager import (
src\core\settings_manager.py:36: in &lt;module&gt;
    from config.constants import get_pneumo_master_isolation_default
config\constants.py:9: in &lt;module&gt;
    from src.core.settings_service import SETTINGS_SERVICE_TOKEN, SettingsService
E     File "C:\Users\CADuser\source\repos\barmaleii77-hub\PneumoStabSim-Professional\src\core\settings_service.py", line 1222
E       ) -&gt; Mapping[str, Any]:
E       ^
E   SyntaxError: unmatched ')'</error></testcase><testcase classname="" name="tests.unit.core.test_settings_service" time="0.000"><error message="collection failure">..\..\..\..\AppData\Local\Programs\Python\Python313\Lib\site-packages\_pytest\python.py:498: in importtestmodule
    mod = import_path(
..\..\..\..\AppData\Local\Programs\Python\Python313\Lib\site-packages\_pytest\pathlib.py:587: in import_path
    importlib.import_module(module_name)
..\..\..\..\AppData\Local\Programs\Python\Python313\Lib\importlib\__init__.py:88: in import_module
    return _bootstrap._gcd_import(name[level:], package, level)
           ^^^^^^^^^^^^^^^^^^^^^^^^^^^^^^^^^^^^^^^^^^^^^^^^^^^^
&lt;frozen importlib._bootstrap&gt;:1387: in _gcd_import
    ???
&lt;frozen importlib._bootstrap&gt;:1360: in _find_and_load
    ???
&lt;frozen importlib._bootstrap&gt;:1331: in _find_and_load_unlocked
    ???
&lt;frozen importlib._bootstrap&gt;:935: in _load_unlocked
    ???
..\..\..\..\AppData\Local\Programs\Python\Python313\Lib\site-packages\_pytest\assertion\rewrite.py:186: in exec_module
    exec(co, module.__dict__)
tests\unit\core\test_settings_service.py:8: in &lt;module&gt;
    from config import constants as constants_module
config\constants.py:9: in &lt;module&gt;
    from src.core.settings_service import SETTINGS_SERVICE_TOKEN, SettingsService
E     File "C:\Users\CADuser\source\repos\barmaleii77-hub\PneumoStabSim-Professional\src\core\settings_service.py", line 1222
E       ) -&gt; Mapping[str, Any]:
E       ^
E   SyntaxError: unmatched ')'</error></testcase><testcase classname="" name="tests.unit.core.test_settings_service_path_cache" time="0.000"><error message="collection failure">..\..\..\..\AppData\Local\Programs\Python\Python313\Lib\site-packages\_pytest\python.py:498: in importtestmodule
    mod = import_path(
..\..\..\..\AppData\Local\Programs\Python\Python313\Lib\site-packages\_pytest\pathlib.py:587: in import_path
    importlib.import_module(module_name)
..\..\..\..\AppData\Local\Programs\Python\Python313\Lib\importlib\__init__.py:88: in import_module
    return _bootstrap._gcd_import(name[level:], package, level)
           ^^^^^^^^^^^^^^^^^^^^^^^^^^^^^^^^^^^^^^^^^^^^^^^^^^^^
&lt;frozen importlib._bootstrap&gt;:1387: in _gcd_import
    ???
&lt;frozen importlib._bootstrap&gt;:1360: in _find_and_load
    ???
&lt;frozen importlib._bootstrap&gt;:1331: in _find_and_load_unlocked
    ???
&lt;frozen importlib._bootstrap&gt;:935: in _load_unlocked
    ???
..\..\..\..\AppData\Local\Programs\Python\Python313\Lib\site-packages\_pytest\assertion\rewrite.py:186: in exec_module
    exec(co, module.__dict__)
tests\unit\core\test_settings_service_path_cache.py:5: in &lt;module&gt;
    from src.core.settings_service import SettingsService
E     File "C:\Users\CADuser\source\repos\barmaleii77-hub\PneumoStabSim-Professional\src\core\settings_service.py", line 1222
E       ) -&gt; Mapping[str, Any]:
E       ^
E   SyntaxError: unmatched ')'</error></testcase><testcase classname="" name="tests.unit.diagnostics.test_logging_presets" time="0.000"><error message="collection failure">..\..\..\..\AppData\Local\Programs\Python\Python313\Lib\site-packages\_pytest\python.py:498: in importtestmodule
    mod = import_path(
..\..\..\..\AppData\Local\Programs\Python\Python313\Lib\site-packages\_pytest\pathlib.py:587: in import_path
    importlib.import_module(module_name)
..\..\..\..\AppData\Local\Programs\Python\Python313\Lib\importlib\__init__.py:88: in import_module
    return _bootstrap._gcd_import(name[level:], package, level)
           ^^^^^^^^^^^^^^^^^^^^^^^^^^^^^^^^^^^^^^^^^^^^^^^^^^^^
&lt;frozen importlib._bootstrap&gt;:1387: in _gcd_import
    ???
&lt;frozen importlib._bootstrap&gt;:1360: in _find_and_load
    ???
&lt;frozen importlib._bootstrap&gt;:1331: in _find_and_load_unlocked
    ???
&lt;frozen importlib._bootstrap&gt;:935: in _load_unlocked
    ???
..\..\..\..\AppData\Local\Programs\Python\Python313\Lib\site-packages\_pytest\assertion\rewrite.py:186: in exec_module
    exec(co, module.__dict__)
tests\unit\diagnostics\test_logging_presets.py:3: in &lt;module&gt;
    from src.diagnostics.logging_presets import apply_logging_preset, describe_presets
src\diagnostics\__init__.py:16: in &lt;module&gt;
    from .profiler import (
src\diagnostics\profiler.py:12: in &lt;module&gt;
    from src.common.settings_manager import SettingsManager, get_settings_manager
src\common\settings_manager.py:37: in &lt;module&gt;
    from src.core.settings_manager import (
src\core\settings_manager.py:36: in &lt;module&gt;
    from config.constants import get_pneumo_master_isolation_default
config\constants.py:9: in &lt;module&gt;
    from src.core.settings_service import SETTINGS_SERVICE_TOKEN, SettingsService
E     File "C:\Users\CADuser\source\repos\barmaleii77-hub\PneumoStabSim-Professional\src\core\settings_service.py", line 1222
E       ) -&gt; Mapping[str, Any]:
E       ^
E   SyntaxError: unmatched ')'</error></testcase><testcase classname="" name="tests.unit.mechanics.geometry.test_suspension_linkage_reference" time="0.000"><error message="collection failure">..\..\..\..\AppData\Local\Programs\Python\Python313\Lib\site-packages\_pytest\python.py:498: in importtestmodule
    mod = import_path(
..\..\..\..\AppData\Local\Programs\Python\Python313\Lib\site-packages\_pytest\pathlib.py:587: in import_path
    importlib.import_module(module_name)
..\..\..\..\AppData\Local\Programs\Python\Python313\Lib\importlib\__init__.py:88: in import_module
    return _bootstrap._gcd_import(name[level:], package, level)
           ^^^^^^^^^^^^^^^^^^^^^^^^^^^^^^^^^^^^^^^^^^^^^^^^^^^^
&lt;frozen importlib._bootstrap&gt;:1387: in _gcd_import
    ???
&lt;frozen importlib._bootstrap&gt;:1360: in _find_and_load
    ???
&lt;frozen importlib._bootstrap&gt;:1331: in _find_and_load_unlocked
    ???
&lt;frozen importlib._bootstrap&gt;:935: in _load_unlocked
    ???
..\..\..\..\AppData\Local\Programs\Python\Python313\Lib\site-packages\_pytest\assertion\rewrite.py:186: in exec_module
    exec(co, module.__dict__)
tests\unit\mechanics\geometry\test_suspension_linkage_reference.py:5: in &lt;module&gt;
    from src.mechanics.linkage_geometry import SuspensionLinkage
src\mechanics\__init__.py:15: in &lt;module&gt;
    from .kinematics import (
src\mechanics\kinematics.py:22: in &lt;module&gt;
    from ..core.geometry import (
src\core\geometry.py:25: in &lt;module&gt;
    from config.constants import (
config\constants.py:9: in &lt;module&gt;
    from src.core.settings_service import SETTINGS_SERVICE_TOKEN, SettingsService
E     File "C:\Users\CADuser\source\repos\barmaleii77-hub\PneumoStabSim-Professional\src\core\settings_service.py", line 1222
E       ) -&gt; Mapping[str, Any]:
E       ^
E   SyntaxError: unmatched ')'</error></testcase><testcase classname="" name="tests.unit.physics.test_assemble_forces" time="0.000"><error message="collection failure">..\..\..\..\AppData\Local\Programs\Python\Python313\Lib\site-packages\_pytest\python.py:498: in importtestmodule
    mod = import_path(
..\..\..\..\AppData\Local\Programs\Python\Python313\Lib\site-packages\_pytest\pathlib.py:587: in import_path
    importlib.import_module(module_name)
..\..\..\..\AppData\Local\Programs\Python\Python313\Lib\importlib\__init__.py:88: in import_module
    return _bootstrap._gcd_import(name[level:], package, level)
           ^^^^^^^^^^^^^^^^^^^^^^^^^^^^^^^^^^^^^^^^^^^^^^^^^^^^
&lt;frozen importlib._bootstrap&gt;:1387: in _gcd_import
    ???
&lt;frozen importlib._bootstrap&gt;:1360: in _find_and_load
    ???
&lt;frozen importlib._bootstrap&gt;:1331: in _find_and_load_unlocked
    ???
&lt;frozen importlib._bootstrap&gt;:935: in _load_unlocked
    ???
..\..\..\..\AppData\Local\Programs\Python\Python313\Lib\site-packages\_pytest\assertion\rewrite.py:186: in exec_module
    exec(co, module.__dict__)
tests\unit\physics\test_assemble_forces.py:8: in &lt;module&gt;
    from src.physics.odes import (
src\physics\__init__.py:5: in &lt;module&gt;
    from .odes import RigidBody3DOF, f_rhs, create_initial_conditions, validate_state
src\physics\odes.py:13: in &lt;module&gt;
    from config.constants import (
config\constants.py:9: in &lt;module&gt;
    from src.core.settings_service import SETTINGS_SERVICE_TOKEN, SettingsService
E     File "C:\Users\CADuser\source\repos\barmaleii77-hub\PneumoStabSim-Professional\src\core\settings_service.py", line 1222
E       ) -&gt; Mapping[str, Any]:
E       ^
E   SyntaxError: unmatched ')'</error></testcase><testcase classname="" name="tests.unit.physics.test_forces" time="0.000"><error message="collection failure">..\..\..\..\AppData\Local\Programs\Python\Python313\Lib\site-packages\_pytest\python.py:498: in importtestmodule
    mod = import_path(
..\..\..\..\AppData\Local\Programs\Python\Python313\Lib\site-packages\_pytest\pathlib.py:587: in import_path
    importlib.import_module(module_name)
..\..\..\..\AppData\Local\Programs\Python\Python313\Lib\importlib\__init__.py:88: in import_module
    return _bootstrap._gcd_import(name[level:], package, level)
           ^^^^^^^^^^^^^^^^^^^^^^^^^^^^^^^^^^^^^^^^^^^^^^^^^^^^
&lt;frozen importlib._bootstrap&gt;:1387: in _gcd_import
    ???
&lt;frozen importlib._bootstrap&gt;:1360: in _find_and_load
    ???
&lt;frozen importlib._bootstrap&gt;:1331: in _find_and_load_unlocked
    ???
&lt;frozen importlib._bootstrap&gt;:935: in _load_unlocked
    ???
..\..\..\..\AppData\Local\Programs\Python\Python313\Lib\site-packages\_pytest\assertion\rewrite.py:186: in exec_module
    exec(co, module.__dict__)
tests\unit\physics\test_forces.py:10: in &lt;module&gt;
    from config.constants import get_physics_suspension_constants
config\constants.py:9: in &lt;module&gt;
    from src.core.settings_service import SETTINGS_SERVICE_TOKEN, SettingsService
E     File "C:\Users\CADuser\source\repos\barmaleii77-hub\PneumoStabSim-Professional\src\core\settings_service.py", line 1222
E       ) -&gt; Mapping[str, Any]:
E       ^
E   SyntaxError: unmatched ')'</error></testcase><testcase classname="" name="tests.unit.physics.test_gas_network" time="0.000"><error message="collection failure">..\..\..\..\AppData\Local\Programs\Python\Python313\Lib\site-packages\_pytest\python.py:498: in importtestmodule
    mod = import_path(
..\..\..\..\AppData\Local\Programs\Python\Python313\Lib\site-packages\_pytest\pathlib.py:587: in import_path
    importlib.import_module(module_name)
..\..\..\..\AppData\Local\Programs\Python\Python313\Lib\importlib\__init__.py:88: in import_module
    return _bootstrap._gcd_import(name[level:], package, level)
           ^^^^^^^^^^^^^^^^^^^^^^^^^^^^^^^^^^^^^^^^^^^^^^^^^^^^
&lt;frozen importlib._bootstrap&gt;:1387: in _gcd_import
    ???
&lt;frozen importlib._bootstrap&gt;:1360: in _find_and_load
    ???
&lt;frozen importlib._bootstrap&gt;:1331: in _find_and_load_unlocked
    ???
&lt;frozen importlib._bootstrap&gt;:935: in _load_unlocked
    ???
..\..\..\..\AppData\Local\Programs\Python\Python313\Lib\site-packages\_pytest\assertion\rewrite.py:186: in exec_module
    exec(co, module.__dict__)
tests\unit\physics\test_gas_network.py:13: in &lt;module&gt;
    from tests.helpers.pneumo_network import build_default_system_and_network
tests\helpers\pneumo_network.py:10: in &lt;module&gt;
    from src.pneumo.network import GasNetwork
src\pneumo\network.py:20: in &lt;module&gt;
    from .system import PneumaticSystem
src\pneumo\system.py:9: in &lt;module&gt;
    from .line import PneumoLine
src\pneumo\line.py:14: in &lt;module&gt;
    from .valves import CheckValve
src\pneumo\valves.py:19: in &lt;module&gt;
    from config.constants import (
config\constants.py:9: in &lt;module&gt;
    from src.core.settings_service import SETTINGS_SERVICE_TOKEN, SettingsService
E     File "C:\Users\CADuser\source\repos\barmaleii77-hub\PneumoStabSim-Professional\src\core\settings_service.py", line 1222
E       ) -&gt; Mapping[str, Any]:
E       ^
E   SyntaxError: unmatched ')'</error></testcase><testcase classname="" name="tests.unit.physics.test_integrator" time="0.000"><error message="collection failure">..\..\..\..\AppData\Local\Programs\Python\Python313\Lib\site-packages\_pytest\python.py:498: in importtestmodule
    mod = import_path(
..\..\..\..\AppData\Local\Programs\Python\Python313\Lib\site-packages\_pytest\pathlib.py:587: in import_path
    importlib.import_module(module_name)
..\..\..\..\AppData\Local\Programs\Python\Python313\Lib\importlib\__init__.py:88: in import_module
    return _bootstrap._gcd_import(name[level:], package, level)
           ^^^^^^^^^^^^^^^^^^^^^^^^^^^^^^^^^^^^^^^^^^^^^^^^^^^^
&lt;frozen importlib._bootstrap&gt;:1387: in _gcd_import
    ???
&lt;frozen importlib._bootstrap&gt;:1360: in _find_and_load
    ???
&lt;frozen importlib._bootstrap&gt;:1331: in _find_and_load_unlocked
    ???
&lt;frozen importlib._bootstrap&gt;:935: in _load_unlocked
    ???
..\..\..\..\AppData\Local\Programs\Python\Python313\Lib\site-packages\_pytest\assertion\rewrite.py:186: in exec_module
    exec(co, module.__dict__)
tests\unit\physics\test_integrator.py:11: in &lt;module&gt;
    from config import constants as constants_module
config\constants.py:9: in &lt;module&gt;
    from src.core.settings_service import SETTINGS_SERVICE_TOKEN, SettingsService
E     File "C:\Users\CADuser\source\repos\barmaleii77-hub\PneumoStabSim-Professional\src\core\settings_service.py", line 1222
E       ) -&gt; Mapping[str, Any]:
E       ^
E   SyntaxError: unmatched ')'</error></testcase><testcase classname="" name="tests.unit.physics.test_physics_loop" time="0.000"><error message="collection failure">..\..\..\..\AppData\Local\Programs\Python\Python313\Lib\site-packages\_pytest\python.py:498: in importtestmodule
    mod = import_path(
..\..\..\..\AppData\Local\Programs\Python\Python313\Lib\site-packages\_pytest\pathlib.py:587: in import_path
    importlib.import_module(module_name)
..\..\..\..\AppData\Local\Programs\Python\Python313\Lib\importlib\__init__.py:88: in import_module
    return _bootstrap._gcd_import(name[level:], package, level)
           ^^^^^^^^^^^^^^^^^^^^^^^^^^^^^^^^^^^^^^^^^^^^^^^^^^^^
&lt;frozen importlib._bootstrap&gt;:1387: in _gcd_import
    ???
&lt;frozen importlib._bootstrap&gt;:1360: in _find_and_load
    ???
&lt;frozen importlib._bootstrap&gt;:1331: in _find_and_load_unlocked
    ???
&lt;frozen importlib._bootstrap&gt;:935: in _load_unlocked
    ???
..\..\..\..\AppData\Local\Programs\Python\Python313\Lib\site-packages\_pytest\assertion\rewrite.py:186: in exec_module
    exec(co, module.__dict__)
tests\unit\physics\test_physics_loop.py:11: in &lt;module&gt;
    from src.physics.integrator import (
src\physics\__init__.py:5: in &lt;module&gt;
    from .odes import RigidBody3DOF, f_rhs, create_initial_conditions, validate_state
src\physics\odes.py:13: in &lt;module&gt;
    from config.constants import (
config\constants.py:9: in &lt;module&gt;
    from src.core.settings_service import SETTINGS_SERVICE_TOKEN, SettingsService
E     File "C:\Users\CADuser\source\repos\barmaleii77-hub\PneumoStabSim-Professional\src\core\settings_service.py", line 1222
E       ) -&gt; Mapping[str, Any]:
E       ^
E   SyntaxError: unmatched ')'</error></testcase><testcase classname="" name="tests.unit.physics.test_static_equilibrium" time="0.000"><error message="collection failure">..\..\..\..\AppData\Local\Programs\Python\Python313\Lib\site-packages\_pytest\python.py:498: in importtestmodule
    mod = import_path(
..\..\..\..\AppData\Local\Programs\Python\Python313\Lib\site-packages\_pytest\pathlib.py:587: in import_path
    importlib.import_module(module_name)
..\..\..\..\AppData\Local\Programs\Python\Python313\Lib\importlib\__init__.py:88: in import_module
    return _bootstrap._gcd_import(name[level:], package, level)
           ^^^^^^^^^^^^^^^^^^^^^^^^^^^^^^^^^^^^^^^^^^^^^^^^^^^^
&lt;frozen importlib._bootstrap&gt;:1387: in _gcd_import
    ???
&lt;frozen importlib._bootstrap&gt;:1360: in _find_and_load
    ???
&lt;frozen importlib._bootstrap&gt;:1331: in _find_and_load_unlocked
    ???
&lt;frozen importlib._bootstrap&gt;:935: in _load_unlocked
    ???
..\..\..\..\AppData\Local\Programs\Python\Python313\Lib\site-packages\_pytest\assertion\rewrite.py:186: in exec_module
    exec(co, module.__dict__)
tests\unit\physics\test_static_equilibrium.py:5: in &lt;module&gt;
    from src.physics.odes import RigidBody3DOF, f_rhs
src\physics\__init__.py:5: in &lt;module&gt;
    from .odes import RigidBody3DOF, f_rhs, create_initial_conditions, validate_state
src\physics\odes.py:13: in &lt;module&gt;
    from config.constants import (
config\constants.py:9: in &lt;module&gt;
    from src.core.settings_service import SETTINGS_SERVICE_TOKEN, SettingsService
E     File "C:\Users\CADuser\source\repos\barmaleii77-hub\PneumoStabSim-Professional\src\core\settings_service.py", line 1222
E       ) -&gt; Mapping[str, Any]:
E       ^
E   SyntaxError: unmatched ')'</error></testcase><testcase classname="" name="tests.unit.pneumo.test_diagonal_linking" time="0.000"><error message="collection failure">..\..\..\..\AppData\Local\Programs\Python\Python313\Lib\site-packages\_pytest\python.py:498: in importtestmodule
    mod = import_path(
..\..\..\..\AppData\Local\Programs\Python\Python313\Lib\site-packages\_pytest\pathlib.py:587: in import_path
    importlib.import_module(module_name)
..\..\..\..\AppData\Local\Programs\Python\Python313\Lib\importlib\__init__.py:88: in import_module
    return _bootstrap._gcd_import(name[level:], package, level)
           ^^^^^^^^^^^^^^^^^^^^^^^^^^^^^^^^^^^^^^^^^^^^^^^^^^^^
&lt;frozen importlib._bootstrap&gt;:1387: in _gcd_import
    ???
&lt;frozen importlib._bootstrap&gt;:1360: in _find_and_load
    ???
&lt;frozen importlib._bootstrap&gt;:1331: in _find_and_load_unlocked
    ???
&lt;frozen importlib._bootstrap&gt;:935: in _load_unlocked
    ???
..\..\..\..\AppData\Local\Programs\Python\Python313\Lib\site-packages\_pytest\assertion\rewrite.py:186: in exec_module
    exec(co, module.__dict__)
tests\unit\pneumo\test_diagonal_linking.py:17: in &lt;module&gt;
    from src.pneumo.line import PneumoLine
src\pneumo\line.py:14: in &lt;module&gt;
    from .valves import CheckValve
src\pneumo\valves.py:19: in &lt;module&gt;
    from config.constants import (
config\constants.py:9: in &lt;module&gt;
    from src.core.settings_service import SETTINGS_SERVICE_TOKEN, SettingsService
E     File "C:\Users\CADuser\source\repos\barmaleii77-hub\PneumoStabSim-Professional\src\core\settings_service.py", line 1222
E       ) -&gt; Mapping[str, Any]:
E       ^
E   SyntaxError: unmatched ')'</error></testcase><testcase classname="" name="tests.unit.pneumo.test_settings_defaults" time="0.000"><error message="collection failure">..\..\..\..\AppData\Local\Programs\Python\Python313\Lib\site-packages\_pytest\python.py:498: in importtestmodule
    mod = import_path(
..\..\..\..\AppData\Local\Programs\Python\Python313\Lib\site-packages\_pytest\pathlib.py:587: in import_path
    importlib.import_module(module_name)
..\..\..\..\AppData\Local\Programs\Python\Python313\Lib\importlib\__init__.py:88: in import_module
    return _bootstrap._gcd_import(name[level:], package, level)
           ^^^^^^^^^^^^^^^^^^^^^^^^^^^^^^^^^^^^^^^^^^^^^^^^^^^^
&lt;frozen importlib._bootstrap&gt;:1387: in _gcd_import
    ???
&lt;frozen importlib._bootstrap&gt;:1360: in _find_and_load
    ???
&lt;frozen importlib._bootstrap&gt;:1331: in _find_and_load_unlocked
    ???
&lt;frozen importlib._bootstrap&gt;:935: in _load_unlocked
    ???
..\..\..\..\AppData\Local\Programs\Python\Python313\Lib\site-packages\_pytest\assertion\rewrite.py:186: in exec_module
    exec(co, module.__dict__)
tests\unit\pneumo\test_settings_defaults.py:7: in &lt;module&gt;
    from config.constants import refresh_cache
config\constants.py:9: in &lt;module&gt;
    from src.core.settings_service import SETTINGS_SERVICE_TOKEN, SettingsService
E     File "C:\Users\CADuser\source\repos\barmaleii77-hub\PneumoStabSim-Professional\src\core\settings_service.py", line 1222
E       ) -&gt; Mapping[str, Any]:
E       ^
E   SyntaxError: unmatched ')'</error></testcase><testcase classname="" name="tests.unit.pneumo.valves.test_valve_state_transitions" time="0.000"><error message="collection failure">..\..\..\..\AppData\Local\Programs\Python\Python313\Lib\site-packages\_pytest\python.py:498: in importtestmodule
    mod = import_path(
..\..\..\..\AppData\Local\Programs\Python\Python313\Lib\site-packages\_pytest\pathlib.py:587: in import_path
    importlib.import_module(module_name)
..\..\..\..\AppData\Local\Programs\Python\Python313\Lib\importlib\__init__.py:88: in import_module
    return _bootstrap._gcd_import(name[level:], package, level)
           ^^^^^^^^^^^^^^^^^^^^^^^^^^^^^^^^^^^^^^^^^^^^^^^^^^^^
&lt;frozen importlib._bootstrap&gt;:1387: in _gcd_import
    ???
&lt;frozen importlib._bootstrap&gt;:1360: in _find_and_load
    ???
&lt;frozen importlib._bootstrap&gt;:1331: in _find_and_load_unlocked
    ???
&lt;frozen importlib._bootstrap&gt;:935: in _load_unlocked
    ???
..\..\..\..\AppData\Local\Programs\Python\Python313\Lib\site-packages\_pytest\assertion\rewrite.py:186: in exec_module
    exec(co, module.__dict__)
tests\unit\pneumo\valves\test_valve_state_transitions.py:5: in &lt;module&gt;
    from src.pneumo.valves import CheckValve, ReliefValve
src\pneumo\valves.py:19: in &lt;module&gt;
    from config.constants import (
config\constants.py:9: in &lt;module&gt;
    from src.core.settings_service import SETTINGS_SERVICE_TOKEN, SettingsService
E     File "C:\Users\CADuser\source\repos\barmaleii77-hub\PneumoStabSim-Professional\src\core\settings_service.py", line 1222
E       ) -&gt; Mapping[str, Any]:
E       ^
E   SyntaxError: unmatched ')'</error></testcase><testcase classname="" name="tests.unit.runtime.test_error_propagation" time="0.000"><error message="collection failure">..\..\..\..\AppData\Local\Programs\Python\Python313\Lib\site-packages\_pytest\python.py:498: in importtestmodule
    mod = import_path(
..\..\..\..\AppData\Local\Programs\Python\Python313\Lib\site-packages\_pytest\pathlib.py:587: in import_path
    importlib.import_module(module_name)
..\..\..\..\AppData\Local\Programs\Python\Python313\Lib\importlib\__init__.py:88: in import_module
    return _bootstrap._gcd_import(name[level:], package, level)
           ^^^^^^^^^^^^^^^^^^^^^^^^^^^^^^^^^^^^^^^^^^^^^^^^^^^^
&lt;frozen importlib._bootstrap&gt;:1387: in _gcd_import
    ???
&lt;frozen importlib._bootstrap&gt;:1360: in _find_and_load
    ???
&lt;frozen importlib._bootstrap&gt;:1331: in _find_and_load_unlocked
    ???
&lt;frozen importlib._bootstrap&gt;:935: in _load_unlocked
    ???
..\..\..\..\AppData\Local\Programs\Python\Python313\Lib\site-packages\_pytest\assertion\rewrite.py:186: in exec_module
    exec(co, module.__dict__)
tests\unit\runtime\test_error_propagation.py:11: in &lt;module&gt;
    from src.runtime.sim_loop import PhysicsWorker, SimulationManager
src\runtime\__init__.py:24: in &lt;module&gt;
    from .sim_loop import PhysicsWorker, SimulationManager
src\runtime\sim_loop.py:35: in &lt;module&gt;
    from src.physics.odes import RigidBody3DOF, create_initial_conditions
src\physics\__init__.py:5: in &lt;module&gt;
    from .odes import RigidBody3DOF, f_rhs, create_initial_conditions, validate_state
src\physics\odes.py:13: in &lt;module&gt;
    from config.constants import (
config\constants.py:9: in &lt;module&gt;
    from src.core.settings_service import SETTINGS_SERVICE_TOKEN, SettingsService
E     File "C:\Users\CADuser\source\repos\barmaleii77-hub\PneumoStabSim-Professional\src\core\settings_service.py", line 1222
E       ) -&gt; Mapping[str, Any]:
E       ^
E   SyntaxError: unmatched ')'</error></testcase><testcase classname="" name="tests.unit.runtime.test_physics_steps" time="0.000"><error message="collection failure">..\..\..\..\AppData\Local\Programs\Python\Python313\Lib\site-packages\_pytest\python.py:498: in importtestmodule
    mod = import_path(
..\..\..\..\AppData\Local\Programs\Python\Python313\Lib\site-packages\_pytest\pathlib.py:587: in import_path
    importlib.import_module(module_name)
..\..\..\..\AppData\Local\Programs\Python\Python313\Lib\importlib\__init__.py:88: in import_module
    return _bootstrap._gcd_import(name[level:], package, level)
           ^^^^^^^^^^^^^^^^^^^^^^^^^^^^^^^^^^^^^^^^^^^^^^^^^^^^
&lt;frozen importlib._bootstrap&gt;:1387: in _gcd_import
    ???
&lt;frozen importlib._bootstrap&gt;:1360: in _find_and_load
    ???
&lt;frozen importlib._bootstrap&gt;:1331: in _find_and_load_unlocked
    ???
&lt;frozen importlib._bootstrap&gt;:935: in _load_unlocked
    ???
..\..\..\..\AppData\Local\Programs\Python\Python313\Lib\site-packages\_pytest\assertion\rewrite.py:186: in exec_module
    exec(co, module.__dict__)
tests\unit\runtime\test_physics_steps.py:11: in &lt;module&gt;
    from src.physics.integrator import create_default_rigid_body
src\physics\__init__.py:5: in &lt;module&gt;
    from .odes import RigidBody3DOF, f_rhs, create_initial_conditions, validate_state
src\physics\odes.py:13: in &lt;module&gt;
    from config.constants import (
config\constants.py:9: in &lt;module&gt;
    from src.core.settings_service import SETTINGS_SERVICE_TOKEN, SettingsService
E     File "C:\Users\CADuser\source\repos\barmaleii77-hub\PneumoStabSim-Professional\src\core\settings_service.py", line 1222
E       ) -&gt; Mapping[str, Any]:
E       ^
E   SyntaxError: unmatched ')'</error></testcase><testcase classname="" name="tests.unit.runtime.test_receiver_volume_updates" time="0.000"><error message="collection failure">..\..\..\..\AppData\Local\Programs\Python\Python313\Lib\site-packages\_pytest\python.py:498: in importtestmodule
    mod = import_path(
..\..\..\..\AppData\Local\Programs\Python\Python313\Lib\site-packages\_pytest\pathlib.py:587: in import_path
    importlib.import_module(module_name)
..\..\..\..\AppData\Local\Programs\Python\Python313\Lib\importlib\__init__.py:88: in import_module
    return _bootstrap._gcd_import(name[level:], package, level)
           ^^^^^^^^^^^^^^^^^^^^^^^^^^^^^^^^^^^^^^^^^^^^^^^^^^^^
&lt;frozen importlib._bootstrap&gt;:1387: in _gcd_import
    ???
&lt;frozen importlib._bootstrap&gt;:1360: in _find_and_load
    ???
&lt;frozen importlib._bootstrap&gt;:1331: in _find_and_load_unlocked
    ???
&lt;frozen importlib._bootstrap&gt;:935: in _load_unlocked
    ???
..\..\..\..\AppData\Local\Programs\Python\Python313\Lib\site-packages\_pytest\assertion\rewrite.py:186: in exec_module
    exec(co, module.__dict__)
tests\unit\runtime\test_receiver_volume_updates.py:8: in &lt;module&gt;
    from src.runtime.sim_loop import PhysicsWorker
src\runtime\__init__.py:24: in &lt;module&gt;
    from .sim_loop import PhysicsWorker, SimulationManager
src\runtime\sim_loop.py:35: in &lt;module&gt;
    from src.physics.odes import RigidBody3DOF, create_initial_conditions
src\physics\__init__.py:5: in &lt;module&gt;
    from .odes import RigidBody3DOF, f_rhs, create_initial_conditions, validate_state
src\physics\odes.py:13: in &lt;module&gt;
    from config.constants import (
config\constants.py:9: in &lt;module&gt;
    from src.core.settings_service import SETTINGS_SERVICE_TOKEN, SettingsService
E     File "C:\Users\CADuser\source\repos\barmaleii77-hub\PneumoStabSim-Professional\src\core\settings_service.py", line 1222
E       ) -&gt; Mapping[str, Any]:
E       ^
E   SyntaxError: unmatched ')'</error></testcase><testcase classname="" name="tests.unit.test_environment_schema" time="0.000"><error message="collection failure">..\..\..\..\AppData\Local\Programs\Python\Python313\Lib\site-packages\_pytest\python.py:498: in importtestmodule
    mod = import_path(
..\..\..\..\AppData\Local\Programs\Python\Python313\Lib\site-packages\_pytest\pathlib.py:587: in import_path
    importlib.import_module(module_name)
..\..\..\..\AppData\Local\Programs\Python\Python313\Lib\importlib\__init__.py:88: in import_module
    return _bootstrap._gcd_import(name[level:], package, level)
           ^^^^^^^^^^^^^^^^^^^^^^^^^^^^^^^^^^^^^^^^^^^^^^^^^^^^
&lt;frozen importlib._bootstrap&gt;:1387: in _gcd_import
    ???
&lt;frozen importlib._bootstrap&gt;:1360: in _find_and_load
    ???
&lt;frozen importlib._bootstrap&gt;:1331: in _find_and_load_unlocked
    ???
&lt;frozen importlib._bootstrap&gt;:935: in _load_unlocked
    ???
..\..\..\..\AppData\Local\Programs\Python\Python313\Lib\site-packages\_pytest\assertion\rewrite.py:186: in exec_module
    exec(co, module.__dict__)
tests\unit\test_environment_schema.py:8: in &lt;module&gt;
    from src.common.settings_manager import get_settings_manager
src\common\settings_manager.py:37: in &lt;module&gt;
    from src.core.settings_manager import (
src\core\settings_manager.py:36: in &lt;module&gt;
    from config.constants import get_pneumo_master_isolation_default
config\constants.py:9: in &lt;module&gt;
    from src.core.settings_service import SETTINGS_SERVICE_TOKEN, SettingsService
E     File "C:\Users\CADuser\source\repos\barmaleii77-hub\PneumoStabSim-Professional\src\core\settings_service.py", line 1222
E       ) -&gt; Mapping[str, Any]:
E       ^
E   SyntaxError: unmatched ')'</error></testcase><testcase classname="" name="tests.unit.test_geometry_settings_flow" time="0.000"><error message="collection failure">..\..\..\..\AppData\Local\Programs\Python\Python313\Lib\site-packages\_pytest\python.py:498: in importtestmodule
    mod = import_path(
..\..\..\..\AppData\Local\Programs\Python\Python313\Lib\site-packages\_pytest\pathlib.py:587: in import_path
    importlib.import_module(module_name)
..\..\..\..\AppData\Local\Programs\Python\Python313\Lib\importlib\__init__.py:88: in import_module
    return _bootstrap._gcd_import(name[level:], package, level)
           ^^^^^^^^^^^^^^^^^^^^^^^^^^^^^^^^^^^^^^^^^^^^^^^^^^^^
&lt;frozen importlib._bootstrap&gt;:1387: in _gcd_import
    ???
&lt;frozen importlib._bootstrap&gt;:1360: in _find_and_load
    ???
&lt;frozen importlib._bootstrap&gt;:1331: in _find_and_load_unlocked
    ???
&lt;frozen importlib._bootstrap&gt;:935: in _load_unlocked
    ???
..\..\..\..\AppData\Local\Programs\Python\Python313\Lib\site-packages\_pytest\assertion\rewrite.py:186: in exec_module
    exec(co, module.__dict__)
tests\unit\test_geometry_settings_flow.py:12: in &lt;module&gt;
    from config import constants as constants_module
config\constants.py:9: in &lt;module&gt;
    from src.core.settings_service import SETTINGS_SERVICE_TOKEN, SettingsService
E     File "C:\Users\CADuser\source\repos\barmaleii77-hub\PneumoStabSim-Professional\src\core\settings_service.py", line 1222
E       ) -&gt; Mapping[str, Any]:
E       ^
E   SyntaxError: unmatched ')'</error></testcase><testcase classname="" name="tests.unit.test_geometry_state_manager" time="0.000"><error message="collection failure">..\..\..\..\AppData\Local\Programs\Python\Python313\Lib\site-packages\_pytest\python.py:498: in importtestmodule
    mod = import_path(
..\..\..\..\AppData\Local\Programs\Python\Python313\Lib\site-packages\_pytest\pathlib.py:587: in import_path
    importlib.import_module(module_name)
..\..\..\..\AppData\Local\Programs\Python\Python313\Lib\importlib\__init__.py:88: in import_module
    return _bootstrap._gcd_import(name[level:], package, level)
           ^^^^^^^^^^^^^^^^^^^^^^^^^^^^^^^^^^^^^^^^^^^^^^^^^^^^
&lt;frozen importlib._bootstrap&gt;:1387: in _gcd_import
    ???
&lt;frozen importlib._bootstrap&gt;:1360: in _find_and_load
    ???
&lt;frozen importlib._bootstrap&gt;:1331: in _find_and_load_unlocked
    ???
&lt;frozen importlib._bootstrap&gt;:935: in _load_unlocked
    ???
..\..\..\..\AppData\Local\Programs\Python\Python313\Lib\site-packages\_pytest\assertion\rewrite.py:186: in exec_module
    exec(co, module.__dict__)
tests\unit\test_geometry_state_manager.py:10: in &lt;module&gt;
    from src.common.settings_manager import SettingsManager
src\common\settings_manager.py:37: in &lt;module&gt;
    from src.core.settings_manager import (
src\core\settings_manager.py:36: in &lt;module&gt;
    from config.constants import get_pneumo_master_isolation_default
config\constants.py:9: in &lt;module&gt;
    from src.core.settings_service import SETTINGS_SERVICE_TOKEN, SettingsService
E     File "C:\Users\CADuser\source\repos\barmaleii77-hub\PneumoStabSim-Professional\src\core\settings_service.py", line 1222
E       ) -&gt; Mapping[str, Any]:
E       ^
E   SyntaxError: unmatched ')'</error></testcase><testcase classname="" name="tests.unit.test_graphics_settings_service" time="0.000"><error message="collection failure">..\..\..\..\AppData\Local\Programs\Python\Python313\Lib\site-packages\_pytest\python.py:498: in importtestmodule
    mod = import_path(
..\..\..\..\AppData\Local\Programs\Python\Python313\Lib\site-packages\_pytest\pathlib.py:587: in import_path
    importlib.import_module(module_name)
..\..\..\..\AppData\Local\Programs\Python\Python313\Lib\importlib\__init__.py:88: in import_module
    return _bootstrap._gcd_import(name[level:], package, level)
           ^^^^^^^^^^^^^^^^^^^^^^^^^^^^^^^^^^^^^^^^^^^^^^^^^^^^
&lt;frozen importlib._bootstrap&gt;:1387: in _gcd_import
    ???
&lt;frozen importlib._bootstrap&gt;:1360: in _find_and_load
    ???
&lt;frozen importlib._bootstrap&gt;:1331: in _find_and_load_unlocked
    ???
&lt;frozen importlib._bootstrap&gt;:935: in _load_unlocked
    ???
..\..\..\..\AppData\Local\Programs\Python\Python313\Lib\site-packages\_pytest\assertion\rewrite.py:186: in exec_module
    exec(co, module.__dict__)
tests\unit\test_graphics_settings_service.py:6: in &lt;module&gt;
    from src.common.settings_manager import SettingsManager
src\common\settings_manager.py:37: in &lt;module&gt;
    from src.core.settings_manager import (
src\core\settings_manager.py:36: in &lt;module&gt;
    from config.constants import get_pneumo_master_isolation_default
config\constants.py:9: in &lt;module&gt;
    from src.core.settings_service import SETTINGS_SERVICE_TOKEN, SettingsService
E     File "C:\Users\CADuser\source\repos\barmaleii77-hub\PneumoStabSim-Professional\src\core\settings_service.py", line 1222
E       ) -&gt; Mapping[str, Any]:
E       ^
E   SyntaxError: unmatched ')'</error></testcase><testcase classname="" name="tests.unit.test_profile_settings_manager" time="0.000"><error message="collection failure">..\..\..\..\AppData\Local\Programs\Python\Python313\Lib\site-packages\_pytest\python.py:498: in importtestmodule
    mod = import_path(
..\..\..\..\AppData\Local\Programs\Python\Python313\Lib\site-packages\_pytest\pathlib.py:587: in import_path
    importlib.import_module(module_name)
..\..\..\..\AppData\Local\Programs\Python\Python313\Lib\importlib\__init__.py:88: in import_module
    return _bootstrap._gcd_import(name[level:], package, level)
           ^^^^^^^^^^^^^^^^^^^^^^^^^^^^^^^^^^^^^^^^^^^^^^^^^^^^
&lt;frozen importlib._bootstrap&gt;:1387: in _gcd_import
    ???
&lt;frozen importlib._bootstrap&gt;:1360: in _find_and_load
    ???
&lt;frozen importlib._bootstrap&gt;:1331: in _find_and_load_unlocked
    ???
&lt;frozen importlib._bootstrap&gt;:935: in _load_unlocked
    ???
..\..\..\..\AppData\Local\Programs\Python\Python313\Lib\site-packages\_pytest\assertion\rewrite.py:186: in exec_module
    exec(co, module.__dict__)
tests\unit\test_profile_settings_manager.py:13: in &lt;module&gt;
    from src.core.settings_manager import ProfileSettingsManager
src\core\settings_manager.py:36: in &lt;module&gt;
    from config.constants import get_pneumo_master_isolation_default
config\constants.py:9: in &lt;module&gt;
    from src.core.settings_service import SETTINGS_SERVICE_TOKEN, SettingsService
E     File "C:\Users\CADuser\source\repos\barmaleii77-hub\PneumoStabSim-Professional\src\core\settings_service.py", line 1222
E       ) -&gt; Mapping[str, Any]:
E       ^
E   SyntaxError: unmatched ')'</error></testcase><testcase classname="" name="tests.unit.test_settings_validation" time="0.000"><error message="collection failure">..\..\..\..\AppData\Local\Programs\Python\Python313\Lib\site-packages\_pytest\python.py:498: in importtestmodule
    mod = import_path(
..\..\..\..\AppData\Local\Programs\Python\Python313\Lib\site-packages\_pytest\pathlib.py:587: in import_path
    importlib.import_module(module_name)
..\..\..\..\AppData\Local\Programs\Python\Python313\Lib\importlib\__init__.py:88: in import_module
    return _bootstrap._gcd_import(name[level:], package, level)
           ^^^^^^^^^^^^^^^^^^^^^^^^^^^^^^^^^^^^^^^^^^^^^^^^^^^^
&lt;frozen importlib._bootstrap&gt;:1387: in _gcd_import
    ???
&lt;frozen importlib._bootstrap&gt;:1360: in _find_and_load
    ???
&lt;frozen importlib._bootstrap&gt;:1331: in _find_and_load_unlocked
    ???
&lt;frozen importlib._bootstrap&gt;:935: in _load_unlocked
    ???
..\..\..\..\AppData\Local\Programs\Python\Python313\Lib\site-packages\_pytest\assertion\rewrite.py:186: in exec_module
    exec(co, module.__dict__)
tests\unit\test_settings_validation.py:8: in &lt;module&gt;
    from src.app_runner import ApplicationRunner
src\app_runner.py:27: in &lt;module&gt;
    from src.diagnostics.logging_presets import LoggingPreset
src\diagnostics\__init__.py:16: in &lt;module&gt;
    from .profiler import (
src\diagnostics\profiler.py:12: in &lt;module&gt;
    from src.common.settings_manager import SettingsManager, get_settings_manager
src\common\settings_manager.py:37: in &lt;module&gt;
    from src.core.settings_manager import (
src\core\settings_manager.py:36: in &lt;module&gt;
    from config.constants import get_pneumo_master_isolation_default
config\constants.py:9: in &lt;module&gt;
    from src.core.settings_service import SETTINGS_SERVICE_TOKEN, SettingsService
E     File "C:\Users\CADuser\source\repos\barmaleii77-hub\PneumoStabSim-Professional\src\core\settings_service.py", line 1222
E       ) -&gt; Mapping[str, Any]:
E       ^
E   SyntaxError: unmatched ')'</error></testcase><testcase classname="" name="tests.unit.ui.pneumo.test_panel_hints" time="0.000"><error message="collection failure">..\..\..\..\AppData\Local\Programs\Python\Python313\Lib\site-packages\_pytest\python.py:498: in importtestmodule
    mod = import_path(
..\..\..\..\AppData\Local\Programs\Python\Python313\Lib\site-packages\_pytest\pathlib.py:587: in import_path
    importlib.import_module(module_name)
..\..\..\..\AppData\Local\Programs\Python\Python313\Lib\importlib\__init__.py:88: in import_module
    return _bootstrap._gcd_import(name[level:], package, level)
           ^^^^^^^^^^^^^^^^^^^^^^^^^^^^^^^^^^^^^^^^^^^^^^^^^^^^
&lt;frozen importlib._bootstrap&gt;:1387: in _gcd_import
    ???
&lt;frozen importlib._bootstrap&gt;:1360: in _find_and_load
    ???
&lt;frozen importlib._bootstrap&gt;:1331: in _find_and_load_unlocked
    ???
&lt;frozen importlib._bootstrap&gt;:935: in _load_unlocked
    ???
..\..\..\..\AppData\Local\Programs\Python\Python313\Lib\site-packages\_pytest\assertion\rewrite.py:186: in exec_module
    exec(co, module.__dict__)
tests\unit\ui\pneumo\test_panel_hints.py:14: in &lt;module&gt;
    from src.ui.panels.pneumo.receiver_tab import ReceiverTab
src\ui\panels\pneumo\receiver_tab.py:22: in &lt;module&gt;
    from .state_manager import PneumoStateManager
src\ui\panels\pneumo\state_manager.py:11: in &lt;module&gt;
    from src.common.settings_manager import SettingsManager, get_settings_manager
src\common\settings_manager.py:37: in &lt;module&gt;
    from src.core.settings_manager import (
src\core\settings_manager.py:36: in &lt;module&gt;
    from config.constants import get_pneumo_master_isolation_default
config\constants.py:9: in &lt;module&gt;
    from src.core.settings_service import SETTINGS_SERVICE_TOKEN, SettingsService
E     File "C:\Users\CADuser\source\repos\barmaleii77-hub\PneumoStabSim-Professional\src\core\settings_service.py", line 1222
E       ) -&gt; Mapping[str, Any]:
E       ^
E   SyntaxError: unmatched ')'</error></testcase><testcase classname="" name="tests.unit.ui.pneumo.test_state_manager_units" time="0.000"><error message="collection failure">..\..\..\..\AppData\Local\Programs\Python\Python313\Lib\site-packages\_pytest\python.py:498: in importtestmodule
    mod = import_path(
..\..\..\..\AppData\Local\Programs\Python\Python313\Lib\site-packages\_pytest\pathlib.py:587: in import_path
    importlib.import_module(module_name)
..\..\..\..\AppData\Local\Programs\Python\Python313\Lib\importlib\__init__.py:88: in import_module
    return _bootstrap._gcd_import(name[level:], package, level)
           ^^^^^^^^^^^^^^^^^^^^^^^^^^^^^^^^^^^^^^^^^^^^^^^^^^^^
&lt;frozen importlib._bootstrap&gt;:1387: in _gcd_import
    ???
&lt;frozen importlib._bootstrap&gt;:1360: in _find_and_load
    ???
&lt;frozen importlib._bootstrap&gt;:1331: in _find_and_load_unlocked
    ???
&lt;frozen importlib._bootstrap&gt;:935: in _load_unlocked
    ???
..\..\..\..\AppData\Local\Programs\Python\Python313\Lib\site-packages\_pytest\assertion\rewrite.py:186: in exec_module
    exec(co, module.__dict__)
tests\unit\ui\pneumo\test_state_manager_units.py:14: in &lt;module&gt;
    from src.ui.panels.pneumo.state_manager import PneumoStateManager
src\ui\panels\pneumo\state_manager.py:11: in &lt;module&gt;
    from src.common.settings_manager import SettingsManager, get_settings_manager
src\common\settings_manager.py:37: in &lt;module&gt;
    from src.core.settings_manager import (
src\core\settings_manager.py:36: in &lt;module&gt;
    from config.constants import get_pneumo_master_isolation_default
config\constants.py:9: in &lt;module&gt;
    from src.core.settings_service import SETTINGS_SERVICE_TOKEN, SettingsService
E     File "C:\Users\CADuser\source\repos\barmaleii77-hub\PneumoStabSim-Professional\src\core\settings_service.py", line 1222
E       ) -&gt; Mapping[str, Any]:
E       ^
E   SyntaxError: unmatched ')'</error></testcase><testcase classname="" name="tests.unit.ui.test_environment_tab" time="0.000"><error message="collection failure">..\..\..\..\AppData\Local\Programs\Python\Python313\Lib\site-packages\_pytest\python.py:498: in importtestmodule
    mod = import_path(
..\..\..\..\AppData\Local\Programs\Python\Python313\Lib\site-packages\_pytest\pathlib.py:587: in import_path
    importlib.import_module(module_name)
..\..\..\..\AppData\Local\Programs\Python\Python313\Lib\importlib\__init__.py:88: in import_module
    return _bootstrap._gcd_import(name[level:], package, level)
           ^^^^^^^^^^^^^^^^^^^^^^^^^^^^^^^^^^^^^^^^^^^^^^^^^^^^
&lt;frozen importlib._bootstrap&gt;:1387: in _gcd_import
    ???
&lt;frozen importlib._bootstrap&gt;:1360: in _find_and_load
    ???
&lt;frozen importlib._bootstrap&gt;:1331: in _find_and_load_unlocked
    ???
&lt;frozen importlib._bootstrap&gt;:935: in _load_unlocked
    ???
..\..\..\..\AppData\Local\Programs\Python\Python313\Lib\site-packages\_pytest\assertion\rewrite.py:186: in exec_module
    exec(co, module.__dict__)
tests\unit\ui\test_environment_tab.py:11: in &lt;module&gt;
    import src.ui.panels.graphics.environment_tab as environment_tab_module
src\ui\panels\graphics\environment_tab.py:31: in &lt;module&gt;
    from src.common.settings_manager import get_settings_manager
src\common\settings_manager.py:37: in &lt;module&gt;
    from src.core.settings_manager import (
src\core\settings_manager.py:36: in &lt;module&gt;
    from config.constants import get_pneumo_master_isolation_default
config\constants.py:9: in &lt;module&gt;
    from src.core.settings_service import SETTINGS_SERVICE_TOKEN, SettingsService
E     File "C:\Users\CADuser\source\repos\barmaleii77-hub\PneumoStabSim-Professional\src\core\settings_service.py", line 1222
E       ) -&gt; Mapping[str, Any]:
E       ^
E   SyntaxError: unmatched ')'</error></testcase><testcase classname="" name="tests.unit.ui.test_geometry_state_manager" time="0.000"><error message="collection failure">..\..\..\..\AppData\Local\Programs\Python\Python313\Lib\site-packages\_pytest\python.py:498: in importtestmodule
    mod = import_path(
..\..\..\..\AppData\Local\Programs\Python\Python313\Lib\site-packages\_pytest\pathlib.py:587: in import_path
    importlib.import_module(module_name)
..\..\..\..\AppData\Local\Programs\Python\Python313\Lib\importlib\__init__.py:88: in import_module
    return _bootstrap._gcd_import(name[level:], package, level)
           ^^^^^^^^^^^^^^^^^^^^^^^^^^^^^^^^^^^^^^^^^^^^^^^^^^^^
&lt;frozen importlib._bootstrap&gt;:1387: in _gcd_import
    ???
&lt;frozen importlib._bootstrap&gt;:1360: in _find_and_load
    ???
&lt;frozen importlib._bootstrap&gt;:1331: in _find_and_load_unlocked
    ???
&lt;frozen importlib._bootstrap&gt;:935: in _load_unlocked
    ???
..\..\..\..\AppData\Local\Programs\Python\Python313\Lib\site-packages\_pytest\assertion\rewrite.py:186: in exec_module
    exec(co, module.__dict__)
tests\unit\ui\test_geometry_state_manager.py:4: in &lt;module&gt;
    from src.common.settings_manager import SettingsManager
src\common\settings_manager.py:37: in &lt;module&gt;
    from src.core.settings_manager import (
src\core\settings_manager.py:36: in &lt;module&gt;
    from config.constants import get_pneumo_master_isolation_default
config\constants.py:9: in &lt;module&gt;
    from src.core.settings_service import SETTINGS_SERVICE_TOKEN, SettingsService
E     File "C:\Users\CADuser\source\repos\barmaleii77-hub\PneumoStabSim-Professional\src\core\settings_service.py", line 1222
E       ) -&gt; Mapping[str, Any]:
E       ^
E   SyntaxError: unmatched ')'</error></testcase><testcase classname="" name="tests.unit.ui.test_graphics_settings_service" time="0.000"><error message="collection failure">..\..\..\..\AppData\Local\Programs\Python\Python313\Lib\site-packages\_pytest\python.py:498: in importtestmodule
    mod = import_path(
..\..\..\..\AppData\Local\Programs\Python\Python313\Lib\site-packages\_pytest\pathlib.py:587: in import_path
    importlib.import_module(module_name)
..\..\..\..\AppData\Local\Programs\Python\Python313\Lib\importlib\__init__.py:88: in import_module
    return _bootstrap._gcd_import(name[level:], package, level)
           ^^^^^^^^^^^^^^^^^^^^^^^^^^^^^^^^^^^^^^^^^^^^^^^^^^^^
&lt;frozen importlib._bootstrap&gt;:1387: in _gcd_import
    ???
&lt;frozen importlib._bootstrap&gt;:1360: in _find_and_load
    ???
&lt;frozen importlib._bootstrap&gt;:1331: in _find_and_load_unlocked
    ???
&lt;frozen importlib._bootstrap&gt;:935: in _load_unlocked
    ???
..\..\..\..\AppData\Local\Programs\Python\Python313\Lib\site-packages\_pytest\assertion\rewrite.py:186: in exec_module
    exec(co, module.__dict__)
tests\unit\ui\test_graphics_settings_service.py:8: in &lt;module&gt;
    from src.common.settings_manager import SettingsManager
src\common\settings_manager.py:37: in &lt;module&gt;
    from src.core.settings_manager import (
src\core\settings_manager.py:36: in &lt;module&gt;
    from config.constants import get_pneumo_master_isolation_default
config\constants.py:9: in &lt;module&gt;
    from src.core.settings_service import SETTINGS_SERVICE_TOKEN, SettingsService
E     File "C:\Users\CADuser\source\repos\barmaleii77-hub\PneumoStabSim-Professional\src\core\settings_service.py", line 1222
E       ) -&gt; Mapping[str, Any]:
E       ^
E   SyntaxError: unmatched ')'</error></testcase><testcase classname="" name="tests.unit.ui.test_graphics_state_manager" time="0.000"><error message="collection failure">..\..\..\..\AppData\Local\Programs\Python\Python313\Lib\site-packages\_pytest\python.py:498: in importtestmodule
    mod = import_path(
..\..\..\..\AppData\Local\Programs\Python\Python313\Lib\site-packages\_pytest\pathlib.py:587: in import_path
    importlib.import_module(module_name)
..\..\..\..\AppData\Local\Programs\Python\Python313\Lib\importlib\__init__.py:88: in import_module
    return _bootstrap._gcd_import(name[level:], package, level)
           ^^^^^^^^^^^^^^^^^^^^^^^^^^^^^^^^^^^^^^^^^^^^^^^^^^^^
&lt;frozen importlib._bootstrap&gt;:1387: in _gcd_import
    ???
&lt;frozen importlib._bootstrap&gt;:1360: in _find_and_load
    ???
&lt;frozen importlib._bootstrap&gt;:1331: in _find_and_load_unlocked
    ???
&lt;frozen importlib._bootstrap&gt;:935: in _load_unlocked
    ???
..\..\..\..\AppData\Local\Programs\Python\Python313\Lib\site-packages\_pytest\assertion\rewrite.py:186: in exec_module
    exec(co, module.__dict__)
tests\unit\ui\test_graphics_state_manager.py:10: in &lt;module&gt;
    from src.common.settings_manager import SettingsManager
src\common\settings_manager.py:37: in &lt;module&gt;
    from src.core.settings_manager import (
src\core\settings_manager.py:36: in &lt;module&gt;
    from config.constants import get_pneumo_master_isolation_default
config\constants.py:9: in &lt;module&gt;
    from src.core.settings_service import SETTINGS_SERVICE_TOKEN, SettingsService
E     File "C:\Users\CADuser\source\repos\barmaleii77-hub\PneumoStabSim-Professional\src\core\settings_service.py", line 1222
E       ) -&gt; Mapping[str, Any]:
E       ^
E   SyntaxError: unmatched ')'</error></testcase><testcase classname="" name="tests.unit.ui.test_main_window_batch_updates" time="0.000"><error message="collection failure">..\..\..\..\AppData\Local\Programs\Python\Python313\Lib\site-packages\_pytest\python.py:498: in importtestmodule
    mod = import_path(
..\..\..\..\AppData\Local\Programs\Python\Python313\Lib\site-packages\_pytest\pathlib.py:587: in import_path
    importlib.import_module(module_name)
..\..\..\..\AppData\Local\Programs\Python\Python313\Lib\importlib\__init__.py:88: in import_module
    return _bootstrap._gcd_import(name[level:], package, level)
           ^^^^^^^^^^^^^^^^^^^^^^^^^^^^^^^^^^^^^^^^^^^^^^^^^^^^
&lt;frozen importlib._bootstrap&gt;:1387: in _gcd_import
    ???
&lt;frozen importlib._bootstrap&gt;:1360: in _find_and_load
    ???
&lt;frozen importlib._bootstrap&gt;:1331: in _find_and_load_unlocked
    ???
&lt;frozen importlib._bootstrap&gt;:935: in _load_unlocked
    ???
..\..\..\..\AppData\Local\Programs\Python\Python313\Lib\site-packages\_pytest\assertion\rewrite.py:186: in exec_module
    exec(co, module.__dict__)
tests\unit\ui\test_main_window_batch_updates.py:10: in &lt;module&gt;
    from src.ui.main_window_legacy import MainWindow
src\ui\main_window_legacy.py:30: in &lt;module&gt;
    from src.ui.panels import (
&lt;frozen importlib._bootstrap&gt;:1412: in _handle_fromlist
    ???
src\ui\panels\__init__.py:81: in __getattr__
    module = import_module(f"{__name__}.{module_name}")
             ^^^^^^^^^^^^^^^^^^^^^^^^^^^^^^^^^^^^^^^^^^
..\..\..\..\AppData\Local\Programs\Python\Python313\Lib\importlib\__init__.py:88: in import_module
    return _bootstrap._gcd_import(name[level:], package, level)
           ^^^^^^^^^^^^^^^^^^^^^^^^^^^^^^^^^^^^^^^^^^^^^^^^^^^^
src\ui\panels\panel_geometry.py:29: in &lt;module&gt;
    from config.constants import get_geometry_presets, get_geometry_ui_ranges
config\constants.py:9: in &lt;module&gt;
    from src.core.settings_service import SETTINGS_SERVICE_TOKEN, SettingsService
E     File "C:\Users\CADuser\source\repos\barmaleii77-hub\PneumoStabSim-Professional\src\core\settings_service.py", line 1222
E       ) -&gt; Mapping[str, Any]:
E       ^
E   SyntaxError: unmatched ')'</error></testcase><testcase classname="" name="tests.unit.ui.test_materials_tab" time="0.000"><error message="collection failure">..\..\..\..\AppData\Local\Programs\Python\Python313\Lib\site-packages\_pytest\python.py:498: in importtestmodule
    mod = import_path(
..\..\..\..\AppData\Local\Programs\Python\Python313\Lib\site-packages\_pytest\pathlib.py:587: in import_path
    importlib.import_module(module_name)
..\..\..\..\AppData\Local\Programs\Python\Python313\Lib\importlib\__init__.py:88: in import_module
    return _bootstrap._gcd_import(name[level:], package, level)
           ^^^^^^^^^^^^^^^^^^^^^^^^^^^^^^^^^^^^^^^^^^^^^^^^^^^^
&lt;frozen importlib._bootstrap&gt;:1387: in _gcd_import
    ???
&lt;frozen importlib._bootstrap&gt;:1360: in _find_and_load
    ???
&lt;frozen importlib._bootstrap&gt;:1331: in _find_and_load_unlocked
    ???
&lt;frozen importlib._bootstrap&gt;:935: in _load_unlocked
    ???
..\..\..\..\AppData\Local\Programs\Python\Python313\Lib\site-packages\_pytest\assertion\rewrite.py:186: in exec_module
    exec(co, module.__dict__)
tests\unit\ui\test_materials_tab.py:12: in &lt;module&gt;
    import src.ui.panels.graphics.materials_tab as materials_tab_module
src\ui\panels\graphics\materials_tab.py:23: in &lt;module&gt;
    from src.common.settings_manager import get_settings_manager
src\common\settings_manager.py:37: in &lt;module&gt;
    from src.core.settings_manager import (
src\core\settings_manager.py:36: in &lt;module&gt;
    from config.constants import get_pneumo_master_isolation_default
config\constants.py:9: in &lt;module&gt;
    from src.core.settings_service import SETTINGS_SERVICE_TOKEN, SettingsService
E     File "C:\Users\CADuser\source\repos\barmaleii77-hub\PneumoStabSim-Professional\src\core\settings_service.py", line 1222
E       ) -&gt; Mapping[str, Any]:
E       ^
E   SyntaxError: unmatched ')'</error></testcase><testcase classname="" name="tests.unit.ui.test_qml_paths_case" time="0.000"><error message="collection failure">..\..\..\..\AppData\Local\Programs\Python\Python313\Lib\site-packages\_pytest\python.py:498: in importtestmodule
    mod = import_path(
..\..\..\..\AppData\Local\Programs\Python\Python313\Lib\site-packages\_pytest\pathlib.py:587: in import_path
    importlib.import_module(module_name)
..\..\..\..\AppData\Local\Programs\Python\Python313\Lib\importlib\__init__.py:88: in import_module
    return _bootstrap._gcd_import(name[level:], package, level)
           ^^^^^^^^^^^^^^^^^^^^^^^^^^^^^^^^^^^^^^^^^^^^^^^^^^^^
&lt;frozen importlib._bootstrap&gt;:1387: in _gcd_import
    ???
&lt;frozen importlib._bootstrap&gt;:1360: in _find_and_load
    ???
&lt;frozen importlib._bootstrap&gt;:1331: in _find_and_load_unlocked
    ???
&lt;frozen importlib._bootstrap&gt;:935: in _load_unlocked
    ???
..\..\..\..\AppData\Local\Programs\Python\Python313\Lib\site-packages\_pytest\assertion\rewrite.py:186: in exec_module
    exec(co, module.__dict__)
tests\unit\ui\test_qml_paths_case.py:15: in &lt;module&gt;
    from src.ui.main_window_pkg.ui_setup import (
src\ui\main_window_pkg\ui_setup.py:31: in &lt;module&gt;
    from src.common.settings_manager import get_settings_event_bus, get_settings_manager
src\common\settings_manager.py:37: in &lt;module&gt;
    from src.core.settings_manager import (
src\core\settings_manager.py:36: in &lt;module&gt;
    from config.constants import get_pneumo_master_isolation_default
config\constants.py:9: in &lt;module&gt;
    from src.core.settings_service import SETTINGS_SERVICE_TOKEN, SettingsService
E     File "C:\Users\CADuser\source\repos\barmaleii77-hub\PneumoStabSim-Professional\src\core\settings_service.py", line 1222
E       ) -&gt; Mapping[str, Any]:
E       ^
E   SyntaxError: unmatched ')'</error></testcase><testcase classname="" name="tests.unit.ui.test_receiver_geometry" time="0.000"><error message="collection failure">..\..\..\..\AppData\Local\Programs\Python\Python313\Lib\site-packages\_pytest\python.py:498: in importtestmodule
    mod = import_path(
..\..\..\..\AppData\Local\Programs\Python\Python313\Lib\site-packages\_pytest\pathlib.py:587: in import_path
    importlib.import_module(module_name)
..\..\..\..\AppData\Local\Programs\Python\Python313\Lib\importlib\__init__.py:88: in import_module
    return _bootstrap._gcd_import(name[level:], package, level)
           ^^^^^^^^^^^^^^^^^^^^^^^^^^^^^^^^^^^^^^^^^^^^^^^^^^^^
&lt;frozen importlib._bootstrap&gt;:1387: in _gcd_import
    ???
&lt;frozen importlib._bootstrap&gt;:1360: in _find_and_load
    ???
&lt;frozen importlib._bootstrap&gt;:1331: in _find_and_load_unlocked
    ???
&lt;frozen importlib._bootstrap&gt;:935: in _load_unlocked
    ???
..\..\..\..\AppData\Local\Programs\Python\Python313\Lib\site-packages\_pytest\assertion\rewrite.py:186: in exec_module
    exec(co, module.__dict__)
tests\unit\ui\test_receiver_geometry.py:11: in &lt;module&gt;
    from src.runtime.sim_loop import PhysicsWorker
src\runtime\__init__.py:24: in &lt;module&gt;
    from .sim_loop import PhysicsWorker, SimulationManager
src\runtime\sim_loop.py:35: in &lt;module&gt;
    from src.physics.odes import RigidBody3DOF, create_initial_conditions
src\physics\__init__.py:5: in &lt;module&gt;
    from .odes import RigidBody3DOF, f_rhs, create_initial_conditions, validate_state
src\physics\odes.py:13: in &lt;module&gt;
    from config.constants import (
config\constants.py:9: in &lt;module&gt;
    from src.core.settings_service import SETTINGS_SERVICE_TOKEN, SettingsService
E     File "C:\Users\CADuser\source\repos\barmaleii77-hub\PneumoStabSim-Professional\src\core\settings_service.py", line 1222
E       ) -&gt; Mapping[str, Any]:
E       ^
E   SyntaxError: unmatched ')'</error></testcase><testcase classname="" name="tests.unit.ui.test_ui_setup_scene_defaults" time="0.000"><error message="collection failure">..\..\..\..\AppData\Local\Programs\Python\Python313\Lib\site-packages\_pytest\python.py:498: in importtestmodule
    mod = import_path(
..\..\..\..\AppData\Local\Programs\Python\Python313\Lib\site-packages\_pytest\pathlib.py:587: in import_path
    importlib.import_module(module_name)
..\..\..\..\AppData\Local\Programs\Python\Python313\Lib\importlib\__init__.py:88: in import_module
    return _bootstrap._gcd_import(name[level:], package, level)
           ^^^^^^^^^^^^^^^^^^^^^^^^^^^^^^^^^^^^^^^^^^^^^^^^^^^^
&lt;frozen importlib._bootstrap&gt;:1387: in _gcd_import
    ???
&lt;frozen importlib._bootstrap&gt;:1360: in _find_and_load
    ???
&lt;frozen importlib._bootstrap&gt;:1331: in _find_and_load_unlocked
    ???
&lt;frozen importlib._bootstrap&gt;:935: in _load_unlocked
    ???
..\..\..\..\AppData\Local\Programs\Python\Python313\Lib\site-packages\_pytest\assertion\rewrite.py:186: in exec_module
    exec(co, module.__dict__)
tests\unit\ui\test_ui_setup_scene_defaults.py:20: in &lt;module&gt;
    from src.common.settings_manager import SettingsManager
src\common\settings_manager.py:37: in &lt;module&gt;
    from src.core.settings_manager import (
src\core\settings_manager.py:36: in &lt;module&gt;
    from config.constants import get_pneumo_master_isolation_default
config\constants.py:9: in &lt;module&gt;
    from src.core.settings_service import SETTINGS_SERVICE_TOKEN, SettingsService
E     File "C:\Users\CADuser\source\repos\barmaleii77-hub\PneumoStabSim-Professional\src\core\settings_service.py", line 1222
E       ) -&gt; Mapping[str, Any]:
E       ^
E   SyntaxError: unmatched ')'</error></testcase><testcase classname="" name="tests.unit.ui.test_visualization_service" time="0.000"><error message="collection failure">..\..\..\..\AppData\Local\Programs\Python\Python313\Lib\site-packages\_pytest\python.py:498: in importtestmodule
    mod = import_path(
..\..\..\..\AppData\Local\Programs\Python\Python313\Lib\site-packages\_pytest\pathlib.py:587: in import_path
    importlib.import_module(module_name)
..\..\..\..\AppData\Local\Programs\Python\Python313\Lib\importlib\__init__.py:88: in import_module
    return _bootstrap._gcd_import(name[level:], package, level)
           ^^^^^^^^^^^^^^^^^^^^^^^^^^^^^^^^^^^^^^^^^^^^^^^^^^^^
&lt;frozen importlib._bootstrap&gt;:1387: in _gcd_import
    ???
&lt;frozen importlib._bootstrap&gt;:1360: in _find_and_load
    ???
&lt;frozen importlib._bootstrap&gt;:1331: in _find_and_load_unlocked
    ???
&lt;frozen importlib._bootstrap&gt;:935: in _load_unlocked
    ???
..\..\..\..\AppData\Local\Programs\Python\Python313\Lib\site-packages\_pytest\assertion\rewrite.py:186: in exec_module
    exec(co, module.__dict__)
tests\unit\ui\test_visualization_service.py:12: in &lt;module&gt;
    from src.ui.services.visualization_service import VisualizationService
src\ui\services\__init__.py:3: in &lt;module&gt;
    from .visualization_service import VisualizationService
src\ui\services\visualization_service.py:10: in &lt;module&gt;
    from src.common.settings_manager import SettingsManager
src\common\settings_manager.py:37: in &lt;module&gt;
    from src.core.settings_manager import (
src\core\settings_manager.py:36: in &lt;module&gt;
    from config.constants import get_pneumo_master_isolation_default
config\constants.py:9: in &lt;module&gt;
    from src.core.settings_service import SETTINGS_SERVICE_TOKEN, SettingsService
E     File "C:\Users\CADuser\source\repos\barmaleii77-hub\PneumoStabSim-Professional\src\core\settings_service.py", line 1222
E       ) -&gt; Mapping[str, Any]:
E       ^
E   SyntaxError: unmatched ')'</error></testcase></testsuite></testsuites>